2017-05-29 00:45:13,367 INFO  [Log] Started running Test suite : Test 
2017-05-29 00:45:13,435 INFO  [Log] Opening Chrome browser 
2017-05-29 00:45:20,602 INFO  [Log] Type URL https://login.naukri.com/nLogin/Login.php? 
2017-05-29 00:45:22,005 INFO  [Log] Test Case  'Login' is Started 
2017-05-29 00:45:22,019 INFO  [Log] ############################# START ########################### 
2017-05-29 00:45:22,025 INFO  [Log]  
2017-05-29 00:45:22,585 INFO  [Log] Type 'ketan_pardeshiarun@yahoo.com' in  text box Username on Login Page. 
2017-05-29 00:45:22,981 INFO  [Log] Clicked on Sign in Button On Login Page. 
2017-05-29 00:45:23,292 INFO  [Log] Assertion Passed. Expected: true Actual: true 
2017-05-29 00:45:23,313 INFO  [Log] Test Case  'Login' is Passed 
2017-05-29 00:45:23,323 INFO  [Log] ############################# END ########################### 
2017-05-29 00:45:23,332 INFO  [Log]  
2017-05-29 00:45:24,226 INFO  [Log] Opening Chrome browser 
2017-05-29 00:45:30,842 INFO  [Log] Type URL https://login.naukri.com/nLogin/Login.php? 
2017-05-29 00:45:32,385 INFO  [Log] Test Case  'Login' is Started 
2017-05-29 00:45:32,406 INFO  [Log] ############################# START ########################### 
2017-05-29 00:45:32,419 INFO  [Log]  
2017-05-29 00:45:33,221 INFO  [Log] Type 'Admin@12345' in  text box Password on Login Page. 
2017-05-29 00:45:33,805 INFO  [Log] Clicked on Sign in Button On Login Page. 
2017-05-29 00:45:34,396 INFO  [Log] Assertion Passed. Expected: true Actual: true 
2017-05-29 00:45:34,418 INFO  [Log] Test Case  'Login' is Passed 
2017-05-29 00:45:34,428 INFO  [Log] ############################# END ########################### 
2017-05-29 00:45:34,438 INFO  [Log]  
2017-05-29 00:45:35,274 INFO  [Log] Opening Chrome browser 
2017-05-29 00:45:41,703 INFO  [Log] Type URL https://login.naukri.com/nLogin/Login.php? 
2017-05-29 00:45:43,290 INFO  [Log] Test Case  'Login' is Started 
2017-05-29 00:45:43,300 INFO  [Log] ############################# START ########################### 
2017-05-29 00:45:43,309 INFO  [Log]  
2017-05-29 00:45:44,074 INFO  [Log] Type 'ketan_pardeshiarun@yahoo.com' in  text box Username on Login Page. 
2017-05-29 00:45:44,531 INFO  [Log] Type 'admin1' in  text box Password on Login Page. 
2017-05-29 00:45:45,751 INFO  [Log] Clicked on Sign in Button On Login Page. 
2017-05-29 00:45:46,094 INFO  [Log] Assertion Passed. Expected: true Actual: true 
2017-05-29 00:45:46,105 INFO  [Log] Test Case  'Login' is Passed 
2017-05-29 00:45:46,112 INFO  [Log] ############################# END ########################### 
2017-05-29 00:45:46,119 INFO  [Log]  
2017-05-29 00:45:46,912 INFO  [Log] Opening Chrome browser 
2017-05-29 00:45:53,732 INFO  [Log] Type URL https://login.naukri.com/nLogin/Login.php? 
2017-05-29 00:45:55,257 INFO  [Log] Test Case  'Login' is Started 
2017-05-29 00:45:55,265 INFO  [Log] ############################# START ########################### 
2017-05-29 00:45:55,274 INFO  [Log]  
2017-05-29 00:45:56,200 INFO  [Log] Type 'ketan_pardeshiarun@yahoo.com' in  text box Username on Login Page. 
2017-05-29 00:45:56,727 INFO  [Log] Type 'Admin@12345' in  text box Password on Login Page. 
2017-05-29 00:46:08,714 INFO  [Log] Clicked on Sign in Button On Login Page. 
2017-05-29 00:46:09,470 INFO  [Log] Assertion Passed. Expected: true Actual: true 
2017-05-29 00:46:09,484 INFO  [Log] Test Case  'Login' is Passed 
2017-05-29 00:46:09,498 INFO  [Log] ############################# END ########################### 
2017-05-29 00:46:09,510 INFO  [Log]  
2017-05-29 00:46:10,396 INFO  [Log] Opening Chrome browser 
2017-05-29 00:46:16,894 INFO  [Log] Type URL https://login.naukri.com/nLogin/Login.php? 
2017-05-29 00:46:18,355 INFO  [Log] Test Case  'blankEmailIDLogin' is Started 
2017-05-29 00:46:18,366 INFO  [Log] ############################# START ########################### 
2017-05-29 00:46:18,379 INFO  [Log]  
2017-05-29 00:46:18,737 INFO  [Log] Type 'admin1234' in  text box Password on Login Page. 
2017-05-29 00:46:19,074 INFO  [Log] Clicked on Sign in Button On Login Page. 
2017-05-29 00:46:19,363 INFO  [Log] Read text from Error message on login page.Text= Please specify your Email ID 
2017-05-29 00:46:19,367 INFO  [Log] Assertion Pass. Expected: Please specify your Email ID Actual: Please specify your Email ID 
2017-05-29 00:46:19,381 INFO  [Log] Test Case  'blankEmailIDLogin' is Passed 
2017-05-29 00:46:19,388 INFO  [Log] ############################# END ########################### 
2017-05-29 00:46:19,393 INFO  [Log]  
2017-05-29 00:46:20,116 INFO  [Log] Opening Chrome browser 
2017-05-29 00:46:26,000 INFO  [Log] Type URL https://login.naukri.com/nLogin/Login.php? 
2017-05-29 00:46:27,626 INFO  [Log] Test Case  'blankPasswordLogin' is Started 
2017-05-29 00:46:27,637 INFO  [Log] ############################# START ########################### 
2017-05-29 00:46:27,650 INFO  [Log]  
2017-05-29 00:46:28,819 INFO  [Log] Type 'ketan_pardeshiarun@yahoo.com' in  text box Username on Login Page. 
2017-05-29 00:46:29,391 INFO  [Log] Clicked on Sign in Button On Login Page. 
2017-05-29 00:46:29,869 INFO  [Log] Read text from Password error on login page.Text= Please enter your Password 
2017-05-29 00:46:29,876 INFO  [Log] Assertion Pass. Expected: Please enter your Password Actual: Please enter your Password 
2017-05-29 00:46:29,886 INFO  [Log] Test Case  'blankPasswordLogin' is Passed 
2017-05-29 00:46:29,894 INFO  [Log] ############################# END ########################### 
2017-05-29 00:46:29,903 INFO  [Log]  
2017-05-29 00:46:30,654 INFO  [Log] Opening Chrome browser 
2017-05-29 00:46:36,931 INFO  [Log] Type URL https://login.naukri.com/nLogin/Login.php? 
2017-05-29 00:46:38,518 INFO  [Log] Test Case  'invalidLoginCredentials' is Started 
2017-05-29 00:46:38,531 INFO  [Log] ############################# START ########################### 
2017-05-29 00:46:38,543 INFO  [Log]  
2017-05-29 00:46:39,460 INFO  [Log] Type 'ketan_pardesh@yahoo.com' in  text box Username on Login Page. 
2017-05-29 00:46:40,008 INFO  [Log] Type 'kdsfhkajakdja' in  text box Password on Login Page. 
2017-05-29 00:46:41,834 INFO  [Log] Clicked on Sign in Button On Login Page. 
2017-05-29 00:46:42,203 INFO  [Log] Read text from Error for invalid username and password.Text= Invalid Details. Please check the EmailID-Password combination. 
2017-05-29 00:46:42,208 INFO  [Log] Assertion Pass. Expected: Invalid Details. Please check the EmailID-Password combination. Actual: Invalid Details. Please check the EmailID-Password combination. 
2017-05-29 00:46:42,218 INFO  [Log] Test Case  'invalidLoginCredentials' is Passed 
2017-05-29 00:46:42,227 INFO  [Log] ############################# END ########################### 
2017-05-29 00:46:42,233 INFO  [Log]  
2017-05-29 00:46:43,010 INFO  [Log] Opening Chrome browser 
2017-05-29 00:46:49,325 INFO  [Log] Type URL https://login.naukri.com/nLogin/Login.php? 
2017-05-29 00:46:51,002 INFO  [Log] Test Case  'validLogin' is Started 
2017-05-29 00:46:51,011 INFO  [Log] ############################# START ########################### 
2017-05-29 00:46:51,019 INFO  [Log]  
2017-05-29 00:46:52,216 INFO  [Log] Type 'ketan_pardeshiarun@yahoo.com' in  text box Username on Login Page. 
2017-05-29 00:46:52,956 INFO  [Log] Type 'Admin@12345' in  text box Password on Login Page. 
2017-05-29 00:47:03,914 INFO  [Log] Clicked on Sign in Button On Login Page. 
2017-05-29 00:47:05,103 INFO  [Log] Assertion Passed. Expected: true Actual: true 
2017-05-29 00:47:05,114 INFO  [Log] Test Case  'validLogin' is Passed 
2017-05-29 00:47:05,122 INFO  [Log] ############################# END ########################### 
2017-05-29 00:47:05,129 INFO  [Log]  
2017-05-29 00:47:06,036 INFO  [Log] Test suite execution is completed. 
2017-05-29 00:47:06,048 INFO  [Log] ############################# Finish ########################### 
2017-05-29 00:47:06,056 INFO  [Log]  
2017-05-29 00:50:06,600 INFO  [Log] Started running Test suite : Test 
2017-05-29 00:50:06,647 INFO  [Log] Opening Chrome browser 
2017-05-29 00:50:13,682 INFO  [Log] Type URL https://login.naukri.com/nLogin/Login.php? 
2017-05-29 00:50:15,162 INFO  [Log] Test Case  'blankEmailIDLogin' is Started 
2017-05-29 00:50:15,175 INFO  [Log] ############################# START ########################### 
2017-05-29 00:50:15,181 INFO  [Log]  
2017-05-29 00:50:15,701 INFO  [Log] Type 'admin1234' in  text box Password on Login Page. 
2017-05-29 00:50:16,095 INFO  [Log] Clicked on Sign in Button On Login Page. 
2017-05-29 00:50:16,486 INFO  [Log] Read text from Error message on login page.Text= Please specify your Email ID 
2017-05-29 00:50:16,496 INFO  [Log] Assertion Pass. Expected: Please specify your Email ID Actual: Please specify your Email ID 
2017-05-29 00:50:16,516 INFO  [Log] Test Case  'blankEmailIDLogin' is Passed 
2017-05-29 00:50:16,523 INFO  [Log] ############################# END ########################### 
2017-05-29 00:50:16,530 INFO  [Log]  
2017-05-29 00:50:17,834 INFO  [Log] Opening Chrome browser 
2017-05-29 00:50:24,553 INFO  [Log] Type URL https://login.naukri.com/nLogin/Login.php? 
2017-05-29 00:50:26,244 INFO  [Log] Test Case  'blankPasswordLogin' is Started 
2017-05-29 00:50:26,279 INFO  [Log] ############################# START ########################### 
2017-05-29 00:50:26,290 INFO  [Log]  
2017-05-29 00:50:26,803 INFO  [Log] Type 'ketan_pardeshiarun@yahoo.com' in  text box Username on Login Page. 
2017-05-29 00:50:27,161 INFO  [Log] Clicked on Sign in Button On Login Page. 
2017-05-29 00:50:27,523 INFO  [Log] Read text from Password error on login page.Text= Please enter your Password 
2017-05-29 00:50:27,530 INFO  [Log] Assertion Pass. Expected: Please enter your Password Actual: Please enter your Password 
2017-05-29 00:50:27,546 INFO  [Log] Test Case  'blankPasswordLogin' is Passed 
2017-05-29 00:50:27,558 INFO  [Log] ############################# END ########################### 
2017-05-29 00:50:27,564 INFO  [Log]  
2017-05-29 00:50:28,297 INFO  [Log] Opening Chrome browser 
2017-05-29 00:50:34,874 INFO  [Log] Type URL https://login.naukri.com/nLogin/Login.php? 
2017-05-29 00:50:36,851 INFO  [Log] Test Case  'invalidLoginCredentials' is Started 
2017-05-29 00:50:36,867 INFO  [Log] ############################# START ########################### 
2017-05-29 00:50:36,881 INFO  [Log]  
2017-05-29 00:50:38,103 INFO  [Log] Type 'ketan_pardesh@yahoo.com' in  text box Username on Login Page. 
2017-05-29 00:50:38,920 INFO  [Log] Type 'kdsfhkajakdja' in  text box Password on Login Page. 
2017-05-29 00:50:40,498 INFO  [Log] Clicked on Sign in Button On Login Page. 
2017-05-29 00:50:41,011 INFO  [Log] Read text from Error for invalid username and password.Text= Invalid Details. Please check the EmailID-Password combination. 
2017-05-29 00:50:41,019 INFO  [Log] Assertion Pass. Expected: Invalid Details. Please check the EmailID-Password combination. Actual: Invalid Details. Please check the EmailID-Password combination. 
2017-05-29 00:50:41,032 INFO  [Log] Test Case  'invalidLoginCredentials' is Passed 
2017-05-29 00:50:41,041 INFO  [Log] ############################# END ########################### 
2017-05-29 00:50:41,050 INFO  [Log]  
2017-05-29 00:50:42,105 INFO  [Log] Opening Chrome browser 
2017-05-29 00:50:48,773 INFO  [Log] Type URL https://login.naukri.com/nLogin/Login.php? 
2017-05-29 00:50:50,286 INFO  [Log] Test Case  'validLogin' is Started 
2017-05-29 00:50:50,293 INFO  [Log] ############################# START ########################### 
2017-05-29 00:50:50,299 INFO  [Log]  
2017-05-29 00:50:50,878 INFO  [Log] Type 'ketan_pardeshiarun@yahoo.com' in  text box Username on Login Page. 
2017-05-29 00:50:51,297 INFO  [Log] Type 'Admin@12345' in  text box Password on Login Page. 
2017-05-29 00:51:00,940 INFO  [Log] Clicked on Sign in Button On Login Page. 
2017-05-29 00:51:01,935 INFO  [Log] Assertion Passed. Expected: true Actual: true 
2017-05-29 00:51:01,946 INFO  [Log] Test Case  'validLogin' is Passed 
2017-05-29 00:51:01,954 INFO  [Log] ############################# END ########################### 
2017-05-29 00:51:01,962 INFO  [Log]  
2017-05-29 00:51:02,767 INFO  [Log] Opening Chrome browser 
2017-05-29 00:51:10,048 INFO  [Log] Type URL https://login.naukri.com/nLogin/Login.php? 
2017-05-29 00:51:11,739 INFO  [Log] Test Case  'Login' is Started 
2017-05-29 00:51:11,752 INFO  [Log] ############################# START ########################### 
2017-05-29 00:51:11,763 INFO  [Log]  
2017-05-29 00:51:12,856 INFO  [Log] Type 'ketan_pardeshiarun@yahoo.com' in  text box Username on Login Page. 
2017-05-29 00:51:13,463 INFO  [Log] Clicked on Sign in Button On Login Page. 
2017-05-29 00:51:14,223 INFO  [Log] Assertion Passed. Expected: true Actual: true 
2017-05-29 00:51:14,234 INFO  [Log] Test Case  'Login' is Passed 
2017-05-29 00:51:14,242 INFO  [Log] ############################# END ########################### 
2017-05-29 00:51:14,252 INFO  [Log]  
2017-05-29 00:51:15,134 INFO  [Log] Opening Chrome browser 
2017-05-29 00:51:21,154 INFO  [Log] Type URL https://login.naukri.com/nLogin/Login.php? 
2017-05-29 00:51:22,758 INFO  [Log] Test Case  'Login' is Started 
2017-05-29 00:51:22,767 INFO  [Log] ############################# START ########################### 
2017-05-29 00:51:22,775 INFO  [Log]  
2017-05-29 00:51:23,699 INFO  [Log] Type 'Admin@12345' in  text box Password on Login Page. 
2017-05-29 00:51:24,456 INFO  [Log] Clicked on Sign in Button On Login Page. 
2017-05-29 00:51:24,957 INFO  [Log] Assertion Passed. Expected: true Actual: true 
2017-05-29 00:51:24,975 INFO  [Log] Test Case  'Login' is Passed 
2017-05-29 00:51:24,988 INFO  [Log] ############################# END ########################### 
2017-05-29 00:51:24,996 INFO  [Log]  
2017-05-29 00:51:25,924 INFO  [Log] Opening Chrome browser 
2017-05-29 00:51:35,535 INFO  [Log] Type URL https://login.naukri.com/nLogin/Login.php? 
2017-05-29 00:51:37,039 INFO  [Log] Test Case  'Login' is Started 
2017-05-29 00:51:37,044 INFO  [Log] ############################# START ########################### 
2017-05-29 00:51:37,049 INFO  [Log]  
2017-05-29 00:51:37,513 INFO  [Log] Type 'ketan_pardeshiarun@yahoo.com' in  text box Username on Login Page. 
2017-05-29 00:51:37,897 INFO  [Log] Type 'admin1' in  text box Password on Login Page. 
2017-05-29 00:51:38,959 INFO  [Log] Clicked on Sign in Button On Login Page. 
2017-05-29 00:51:39,218 INFO  [Log] Assertion Passed. Expected: true Actual: true 
2017-05-29 00:51:39,233 INFO  [Log] Test Case  'Login' is Passed 
2017-05-29 00:51:39,241 INFO  [Log] ############################# END ########################### 
2017-05-29 00:51:39,245 INFO  [Log]  
2017-05-29 00:51:40,041 INFO  [Log] Opening Chrome browser 
2017-05-29 00:51:46,257 INFO  [Log] Type URL https://login.naukri.com/nLogin/Login.php? 
2017-05-29 00:51:47,897 INFO  [Log] Test Case  'Login' is Started 
2017-05-29 00:51:47,903 INFO  [Log] ############################# START ########################### 
2017-05-29 00:51:47,909 INFO  [Log]  
2017-05-29 00:51:48,679 INFO  [Log] Type 'ketan_pardeshiarun@yahoo.com' in  text box Username on Login Page. 
2017-05-29 00:51:49,198 INFO  [Log] Type 'Admin@12345' in  text box Password on Login Page. 
2017-05-29 00:51:59,363 INFO  [Log] Clicked on Sign in Button On Login Page. 
2017-05-29 00:51:59,748 INFO  [Log] Assertion Passed. Expected: true Actual: true 
2017-05-29 00:51:59,753 INFO  [Log] Test Case  'Login' is Passed 
2017-05-29 00:51:59,756 INFO  [Log] ############################# END ########################### 
2017-05-29 00:51:59,760 INFO  [Log]  
2017-05-29 00:52:00,528 INFO  [Log] Test suite execution is completed. 
2017-05-29 00:52:00,532 INFO  [Log] ############################# Finish ########################### 
2017-05-29 00:52:00,535 INFO  [Log]  
2017-05-30 23:03:22,995 INFO  [Log] Started running Test suite : Test 
2017-05-30 23:03:23,259 INFO  [Log] Opening Chrome browser 
2017-05-30 23:03:36,054 INFO  [Log] Type URL https://login.naukri.com/nLogin/Login.php? 
2017-05-30 23:03:37,541 INFO  [Log] Test Case  'blankEmailIDLogin' is Started 
2017-05-30 23:03:37,612 INFO  [Log] ############################# START ########################### 
2017-05-30 23:03:37,621 INFO  [Log]  
2017-05-30 23:03:38,466 INFO  [Log] Type 'admin1234' in  text box Password on Login Page. 
2017-05-30 23:03:39,574 INFO  [Log] Clicked on Sign in Button On Login Page. 
2017-05-30 23:03:40,068 INFO  [Log] Read text from Error message on login page.Text= Please specify your Email ID 
2017-05-30 23:03:40,096 INFO  [Log] Assertion Pass. Expected: Please specify your Email ID Actual: Please specify your Email ID 
2017-05-30 23:03:40,138 INFO  [Log] Test Case  'blankEmailIDLogin' is Passed 
2017-05-30 23:03:40,165 INFO  [Log] ############################# END ########################### 
2017-05-30 23:03:40,190 INFO  [Log]  
2017-05-30 23:03:42,235 INFO  [Log] Opening Chrome browser 
2017-05-30 23:03:50,208 INFO  [Log] Type URL https://login.naukri.com/nLogin/Login.php? 
2017-05-30 23:03:51,710 INFO  [Log] Test Case  'blankPasswordLogin' is Started 
2017-05-30 23:03:51,718 INFO  [Log] ############################# START ########################### 
2017-05-30 23:03:51,747 INFO  [Log]  
2017-05-30 23:03:53,543 INFO  [Log] Type 'ketan_pardeshiarun@yahoo.com' in  text box Username on Login Page. 
2017-05-30 23:03:54,029 INFO  [Log] Clicked on Sign in Button On Login Page. 
2017-05-30 23:03:54,505 INFO  [Log] Read text from Password error on login page.Text= Please enter your Password 
2017-05-30 23:03:54,513 INFO  [Log] Assertion Pass. Expected: Please enter your Password Actual: Please enter your Password 
2017-05-30 23:03:54,523 INFO  [Log] Test Case  'blankPasswordLogin' is Passed 
2017-05-30 23:03:54,532 INFO  [Log] ############################# END ########################### 
2017-05-30 23:03:54,540 INFO  [Log]  
2017-05-30 23:03:55,384 INFO  [Log] Opening Chrome browser 
2017-05-30 23:04:02,637 INFO  [Log] Type URL https://login.naukri.com/nLogin/Login.php? 
2017-05-30 23:04:04,245 INFO  [Log] Test Case  'invalidLoginCredentials' is Started 
2017-05-30 23:04:04,257 INFO  [Log] ############################# START ########################### 
2017-05-30 23:04:04,265 INFO  [Log]  
2017-05-30 23:04:05,030 INFO  [Log] Type 'ketan_pardesh@yahoo.com' in  text box Username on Login Page. 
2017-05-30 23:04:05,619 INFO  [Log] Type 'kdsfhkajakdja' in  text box Password on Login Page. 
2017-05-30 23:04:06,836 INFO  [Log] Clicked on Sign in Button On Login Page. 
2017-05-30 23:04:07,220 INFO  [Log] Read text from Error for invalid username and password.Text= Invalid Details. Please check the EmailID-Password combination. 
2017-05-30 23:04:07,229 INFO  [Log] Assertion Pass. Expected: Invalid Details. Please check the EmailID-Password combination. Actual: Invalid Details. Please check the EmailID-Password combination. 
2017-05-30 23:04:07,238 INFO  [Log] Test Case  'invalidLoginCredentials' is Passed 
2017-05-30 23:04:07,249 INFO  [Log] ############################# END ########################### 
2017-05-30 23:04:07,257 INFO  [Log]  
2017-05-30 23:04:08,378 INFO  [Log] Opening Chrome browser 
2017-05-30 23:04:15,789 INFO  [Log] Type URL https://login.naukri.com/nLogin/Login.php? 
2017-05-30 23:04:17,487 INFO  [Log] Test Case  'validLogin' is Started 
2017-05-30 23:04:17,499 INFO  [Log] ############################# START ########################### 
2017-05-30 23:04:17,511 INFO  [Log]  
2017-05-30 23:04:18,710 INFO  [Log] Type 'ketan_pardeshiarun@yahoo.com' in  text box Username on Login Page. 
2017-05-30 23:04:19,523 INFO  [Log] Type 'Admin@12345' in  text box Password on Login Page. 
2017-05-30 23:04:27,085 INFO  [Log] Clicked on Sign in Button On Login Page. 
2017-05-30 23:04:28,592 INFO  [Log] Assertion Passed. Expected: true Actual: true 
2017-05-30 23:04:28,610 INFO  [Log] Test Case  'validLogin' is Passed 
2017-05-30 23:04:28,620 INFO  [Log] ############################# END ########################### 
2017-05-30 23:04:28,639 INFO  [Log]  
2017-05-30 23:04:29,569 INFO  [Log] Opening Chrome browser 
2017-05-30 23:04:36,678 INFO  [Log] Type URL https://login.naukri.com/nLogin/Login.php? 
2017-05-30 23:04:38,200 INFO  [Log] Test Case  'Login' is Started 
2017-05-30 23:04:38,209 INFO  [Log] ############################# START ########################### 
2017-05-30 23:04:38,215 INFO  [Log]  
2017-05-30 23:04:38,829 INFO  [Log] Type 'ketan_pardeshiarun@yahoo.com' in  text box Username on Login Page. 
2017-05-30 23:04:39,229 INFO  [Log] Clicked on Sign in Button On Login Page. 
2017-05-30 23:04:39,674 INFO  [Log] Assertion Passed. Expected: true Actual: true 
2017-05-30 23:04:39,682 INFO  [Log] Test Case  'Login' is Passed 
2017-05-30 23:04:39,688 INFO  [Log] ############################# END ########################### 
2017-05-30 23:04:39,694 INFO  [Log]  
2017-05-30 23:04:40,517 INFO  [Log] Opening Chrome browser 
2017-05-30 23:04:46,573 INFO  [Log] Type URL https://login.naukri.com/nLogin/Login.php? 
2017-05-30 23:04:48,012 INFO  [Log] Test Case  'Login' is Started 
2017-05-30 23:04:48,018 INFO  [Log] ############################# START ########################### 
2017-05-30 23:04:48,033 INFO  [Log]  
2017-05-30 23:04:48,436 INFO  [Log] Type 'Admin@12345' in  text box Password on Login Page. 
2017-05-30 23:04:48,818 INFO  [Log] Clicked on Sign in Button On Login Page. 
2017-05-30 23:04:49,130 INFO  [Log] Assertion Passed. Expected: true Actual: true 
2017-05-30 23:04:49,142 INFO  [Log] Test Case  'Login' is Passed 
2017-05-30 23:04:49,147 INFO  [Log] ############################# END ########################### 
2017-05-30 23:04:49,152 INFO  [Log]  
2017-05-30 23:04:49,878 INFO  [Log] Opening Chrome browser 
2017-05-30 23:04:55,741 INFO  [Log] Type URL https://login.naukri.com/nLogin/Login.php? 
2017-05-30 23:04:57,454 INFO  [Log] Test Case  'Login' is Started 
2017-05-30 23:04:57,461 INFO  [Log] ############################# START ########################### 
2017-05-30 23:04:57,471 INFO  [Log]  
2017-05-30 23:04:58,501 INFO  [Log] Type 'ketan_pardeshiarun@yahoo.com' in  text box Username on Login Page. 
2017-05-30 23:04:59,110 INFO  [Log] Type 'admin1' in  text box Password on Login Page. 
2017-05-30 23:05:01,011 INFO  [Log] Clicked on Sign in Button On Login Page. 
2017-05-30 23:05:01,348 INFO  [Log] Assertion Passed. Expected: true Actual: true 
2017-05-30 23:05:01,357 INFO  [Log] Test Case  'Login' is Passed 
2017-05-30 23:05:01,364 INFO  [Log] ############################# END ########################### 
2017-05-30 23:05:01,372 INFO  [Log]  
2017-05-30 23:05:02,320 INFO  [Log] Opening Chrome browser 
2017-05-30 23:05:07,711 INFO  [Log] Type URL https://login.naukri.com/nLogin/Login.php? 
2017-05-30 23:05:09,407 INFO  [Log] Test Case  'Login' is Started 
2017-05-30 23:05:09,416 INFO  [Log] ############################# START ########################### 
2017-05-30 23:05:09,430 INFO  [Log]  
2017-05-30 23:05:10,438 INFO  [Log] Type 'ketan_pardeshiarun@yahoo.com' in  text box Username on Login Page. 
2017-05-30 23:05:11,076 INFO  [Log] Type 'Admin@12345' in  text box Password on Login Page. 
2017-05-30 23:05:15,934 INFO  [Log] Clicked on Sign in Button On Login Page. 
2017-05-30 23:05:16,224 INFO  [Log] Assertion Passed. Expected: true Actual: true 
2017-05-30 23:05:16,242 INFO  [Log] Test Case  'Login' is Passed 
2017-05-30 23:05:16,248 INFO  [Log] ############################# END ########################### 
2017-05-30 23:05:16,253 INFO  [Log]  
2017-05-30 23:05:17,178 INFO  [Log] Test suite execution is completed. 
2017-05-30 23:05:17,184 INFO  [Log] ############################# Finish ########################### 
2017-05-30 23:05:17,200 INFO  [Log]  
2017-05-31 22:22:01,300 INFO  [Log] Started running Test suite : Test 
2017-05-31 22:22:02,276 INFO  [Log] Opening RemoteChrome browser 
2017-05-31 22:22:36,596 INFO  [Log] Type URL https://login.naukri.com/nLogin/Login.php? 
2017-05-31 22:22:38,398 INFO  [Log] Test Case  'blankEmailIDLogin' is Started 
2017-05-31 22:22:38,503 INFO  [Log] ############################# START ########################### 
2017-05-31 22:22:38,536 INFO  [Log]  
2017-05-31 22:22:53,666 ERROR [Log] Element not found on Web Page 
2017-05-31 22:22:53,672 INFO  [Log] Sign in Button On Login Page. Web Control is not visible. 
2017-05-31 22:22:53,681 ERROR [Log] Login Page is not displayed 
2017-05-31 22:23:04,679 ERROR [Log] Element not found on Web Page 
2017-05-31 22:23:04,696 ERROR [Log] Error message on login page. Web Control is not visible. 
2017-05-31 22:23:04,782 INFO  [Log] Test Case 'blankEmailIDLogin' is Failed 
2017-05-31 22:23:04,790 INFO  [Log] ############################# END ########################### 
2017-05-31 22:23:04,798 INFO  [Log]  
2017-05-31 23:00:30,734 INFO  [Log] Started running Test suite : Test 
2017-05-31 23:00:30,773 INFO  [Log] Opening Remotefirefox browser 
2017-05-31 23:00:31,868 INFO  [Log] Test Case  'blankEmailIDLogin' is Started 
2017-05-31 23:00:31,886 INFO  [Log] ############################# START ########################### 
2017-05-31 23:00:31,896 INFO  [Log]  
2017-05-31 23:00:31,924 INFO  [Log] Test Case 'blankEmailIDLogin' is 3 
2017-05-31 23:00:31,946 INFO  [Log] Opening Remotefirefox browser 
2017-05-31 23:00:31,977 INFO  [Log] Test Case  'blankPasswordLogin' is Started 
2017-05-31 23:00:31,987 INFO  [Log] ############################# START ########################### 
2017-05-31 23:00:31,997 INFO  [Log]  
2017-05-31 23:00:32,011 INFO  [Log] Test Case 'blankPasswordLogin' is 3 
2017-05-31 23:00:32,027 INFO  [Log] Opening Remotefirefox browser 
2017-05-31 23:00:32,062 INFO  [Log] Test Case  'invalidLoginCredentials' is Started 
2017-05-31 23:00:32,081 INFO  [Log] ############################# START ########################### 
2017-05-31 23:00:32,090 INFO  [Log]  
2017-05-31 23:00:32,110 INFO  [Log] Test Case 'invalidLoginCredentials' is 3 
2017-05-31 23:00:32,130 INFO  [Log] Opening Remotefirefox browser 
2017-05-31 23:00:32,175 INFO  [Log] Test Case  'validLogin' is Started 
2017-05-31 23:00:32,192 INFO  [Log] ############################# START ########################### 
2017-05-31 23:00:32,205 INFO  [Log]  
2017-05-31 23:00:32,238 INFO  [Log] Test Case 'validLogin' is 3 
2017-05-31 23:00:32,264 INFO  [Log] Opening Remotefirefox browser 
2017-05-31 23:00:32,299 INFO  [Log] Test Case  'Login' is Started 
2017-05-31 23:00:32,322 INFO  [Log] ############################# START ########################### 
2017-05-31 23:00:32,355 INFO  [Log]  
2017-05-31 23:00:32,417 INFO  [Log] Test Case 'Login' is 3 
2017-05-31 23:00:32,441 INFO  [Log] Opening Remotefirefox browser 
2017-05-31 23:00:32,495 INFO  [Log] Test Case  'Login' is Started 
2017-05-31 23:00:32,502 INFO  [Log] ############################# START ########################### 
2017-05-31 23:00:32,509 INFO  [Log]  
2017-05-31 23:00:32,520 INFO  [Log] Test Case 'Login' is 3 
2017-05-31 23:00:32,533 INFO  [Log] Opening Remotefirefox browser 
2017-05-31 23:00:32,582 INFO  [Log] Test Case  'Login' is Started 
2017-05-31 23:00:32,590 INFO  [Log] ############################# START ########################### 
2017-05-31 23:00:32,596 INFO  [Log]  
2017-05-31 23:00:32,610 INFO  [Log] Test Case 'Login' is 3 
2017-05-31 23:00:32,623 INFO  [Log] Opening Remotefirefox browser 
2017-05-31 23:00:32,659 INFO  [Log] Test Case  'Login' is Started 
2017-05-31 23:00:32,667 INFO  [Log] ############################# START ########################### 
2017-05-31 23:00:32,673 INFO  [Log]  
2017-05-31 23:00:32,684 INFO  [Log] Test Case 'Login' is 3 
2017-05-31 23:00:32,903 INFO  [Log] Test suite execution is completed. 
2017-05-31 23:00:32,913 INFO  [Log] ############################# Finish ########################### 
2017-05-31 23:00:32,921 INFO  [Log]  
2017-05-31 23:06:45,002 INFO  [Log] Started running Test suite : Test 
2017-05-31 23:06:45,055 INFO  [Log] Opening Remotefirefox browser 
2017-05-31 23:06:46,432 INFO  [Log] Test Case  'blankEmailIDLogin' is Started 
2017-05-31 23:06:46,465 INFO  [Log] ############################# START ########################### 
2017-05-31 23:06:46,495 INFO  [Log]  
2017-05-31 23:06:46,513 INFO  [Log] Test Case 'blankEmailIDLogin' is 3 
2017-05-31 23:06:46,573 INFO  [Log] Opening Remotefirefox browser 
2017-05-31 23:06:46,624 INFO  [Log] Test Case  'blankPasswordLogin' is Started 
2017-05-31 23:06:46,634 INFO  [Log] ############################# START ########################### 
2017-05-31 23:06:46,645 INFO  [Log]  
2017-05-31 23:06:46,659 INFO  [Log] Test Case 'blankPasswordLogin' is 3 
2017-05-31 23:06:46,678 INFO  [Log] Opening Remotefirefox browser 
2017-05-31 23:06:46,790 INFO  [Log] Test Case  'invalidLoginCredentials' is Started 
2017-05-31 23:06:46,806 INFO  [Log] ############################# START ########################### 
2017-05-31 23:06:46,816 INFO  [Log]  
2017-05-31 23:06:46,853 INFO  [Log] Test Case 'invalidLoginCredentials' is 3 
2017-05-31 23:06:46,876 INFO  [Log] Opening Remotefirefox browser 
2017-05-31 23:06:46,939 INFO  [Log] Test Case  'validLogin' is Started 
2017-05-31 23:06:46,947 INFO  [Log] ############################# START ########################### 
2017-05-31 23:06:46,964 INFO  [Log]  
2017-05-31 23:06:46,981 INFO  [Log] Test Case 'validLogin' is 3 
2017-05-31 23:06:47,027 INFO  [Log] Opening Remotefirefox browser 
2017-05-31 23:06:47,100 INFO  [Log] Test Case  'Login' is Started 
2017-05-31 23:06:47,121 INFO  [Log] ############################# START ########################### 
2017-05-31 23:06:47,134 INFO  [Log]  
2017-05-31 23:06:47,167 INFO  [Log] Test Case 'Login' is 3 
2017-05-31 23:06:47,187 INFO  [Log] Opening Remotefirefox browser 
2017-05-31 23:06:47,225 INFO  [Log] Test Case  'Login' is Started 
2017-05-31 23:06:47,233 INFO  [Log] ############################# START ########################### 
2017-05-31 23:06:47,241 INFO  [Log]  
2017-05-31 23:06:47,297 INFO  [Log] Test Case 'Login' is 3 
2017-05-31 23:06:47,315 INFO  [Log] Opening Remotefirefox browser 
2017-05-31 23:06:47,344 INFO  [Log] Test Case  'Login' is Started 
2017-05-31 23:06:47,351 INFO  [Log] ############################# START ########################### 
2017-05-31 23:06:47,357 INFO  [Log]  
2017-05-31 23:06:47,370 INFO  [Log] Test Case 'Login' is 3 
2017-05-31 23:06:47,390 INFO  [Log] Opening Remotefirefox browser 
2017-05-31 23:06:47,422 INFO  [Log] Test Case  'Login' is Started 
2017-05-31 23:06:47,431 INFO  [Log] ############################# START ########################### 
2017-05-31 23:06:47,446 INFO  [Log]  
2017-05-31 23:06:47,457 INFO  [Log] Test Case 'Login' is 3 
2017-05-31 23:06:47,628 INFO  [Log] Test suite execution is completed. 
2017-05-31 23:06:47,635 INFO  [Log] ############################# Finish ########################### 
2017-05-31 23:06:47,643 INFO  [Log]  
2017-05-31 23:14:24,647 INFO  [Log] Started running Test suite : Test 
2017-05-31 23:14:24,696 INFO  [Log] Opening Remotefirefox browser 
2017-05-31 23:14:37,795 INFO  [Log] Test Case  'blankEmailIDLogin' is Started 
2017-05-31 23:14:37,842 INFO  [Log] ############################# START ########################### 
2017-05-31 23:14:37,864 INFO  [Log]  
2017-05-31 23:14:37,901 INFO  [Log] Test Case 'blankEmailIDLogin' is 3 
2017-05-31 23:14:37,960 INFO  [Log] Opening Remotefirefox browser 
2017-05-31 23:14:47,413 INFO  [Log] Test Case  'blankPasswordLogin' is Started 
2017-05-31 23:14:47,431 INFO  [Log] ############################# START ########################### 
2017-05-31 23:14:47,448 INFO  [Log]  
2017-05-31 23:14:47,467 INFO  [Log] Test Case 'blankPasswordLogin' is 3 
2017-05-31 23:14:47,492 INFO  [Log] Opening Remotefirefox browser 
2017-05-31 23:14:54,808 INFO  [Log] Test Case  'invalidLoginCredentials' is Started 
2017-05-31 23:14:54,816 INFO  [Log] ############################# START ########################### 
2017-05-31 23:14:54,858 INFO  [Log]  
2017-05-31 23:14:54,884 INFO  [Log] Test Case 'invalidLoginCredentials' is 3 
2017-05-31 23:14:54,899 INFO  [Log] Opening Remotefirefox browser 
2017-05-31 23:14:56,963 INFO  [Log] Test Case  'validLogin' is Started 
2017-05-31 23:14:56,991 INFO  [Log] ############################# START ########################### 
2017-05-31 23:14:57,000 INFO  [Log]  
2017-05-31 23:14:57,010 INFO  [Log] Test Case 'validLogin' is 3 
2017-05-31 23:14:57,053 INFO  [Log] Opening Remotefirefox browser 
2017-05-31 23:14:59,125 INFO  [Log] Test Case  'Login' is Started 
2017-05-31 23:14:59,142 INFO  [Log] ############################# START ########################### 
2017-05-31 23:14:59,157 INFO  [Log]  
2017-05-31 23:14:59,179 INFO  [Log] Test Case 'Login' is 3 
2017-05-31 23:14:59,220 INFO  [Log] Opening Remotefirefox browser 
2017-05-31 23:15:01,434 INFO  [Log] Test Case  'Login' is Started 
2017-05-31 23:15:01,466 INFO  [Log] ############################# START ########################### 
2017-05-31 23:15:01,527 INFO  [Log]  
2017-05-31 23:15:01,555 INFO  [Log] Test Case 'Login' is 3 
2017-05-31 23:15:01,605 INFO  [Log] Opening Remotefirefox browser 
2017-05-31 23:15:03,660 INFO  [Log] Test Case  'Login' is Started 
2017-05-31 23:15:03,668 INFO  [Log] ############################# START ########################### 
2017-05-31 23:15:03,676 INFO  [Log]  
2017-05-31 23:15:03,689 INFO  [Log] Test Case 'Login' is 3 
2017-05-31 23:15:03,715 INFO  [Log] Opening Remotefirefox browser 
2017-05-31 23:15:05,738 INFO  [Log] Test Case  'Login' is Started 
2017-05-31 23:15:05,743 INFO  [Log] ############################# START ########################### 
2017-05-31 23:15:05,747 INFO  [Log]  
2017-05-31 23:15:05,772 INFO  [Log] Test Case 'Login' is 3 
2017-05-31 23:15:06,004 INFO  [Log] Test suite execution is completed. 
2017-05-31 23:15:06,010 INFO  [Log] ############################# Finish ########################### 
2017-05-31 23:15:06,019 INFO  [Log]  
2017-06-04 21:13:50,807 INFO  [Log] Started running Test suite : Test 
2017-06-04 21:13:51,552 INFO  [Log] Opening firefox browser 
2017-06-04 21:16:19,099 INFO  [Log] Type URL https://login.naukri.com/nLogin/Login.php? 
2017-06-04 21:16:21,261 INFO  [Log] Test Case  'blankEmailIDLogin' is Started 
2017-06-04 21:16:21,825 INFO  [Log] ############################# START ########################### 
2017-06-04 21:16:21,846 INFO  [Log]  
2017-06-04 21:16:25,409 INFO  [Log] Type 'admin1234' in  text box Password on Login Page. 
2017-06-04 21:16:29,117 INFO  [Log] Clicked on Sign in Button On Login Page. 
2017-06-04 21:16:29,770 INFO  [Log] Read text from Error message on login page.Text= Please specify your Email ID 
2017-06-04 21:16:29,782 INFO  [Log] Assertion Pass. Expected: Please specify your Email ID Actual: Please specify your Email ID 
2017-06-04 21:16:29,793 INFO  [Log] Test Case  'blankEmailIDLogin' is Passed 
2017-06-04 21:16:29,802 INFO  [Log] ############################# END ########################### 
2017-06-04 21:16:29,811 INFO  [Log]  
2017-06-04 21:16:40,675 INFO  [Log] Opening firefox browser 
2017-06-04 21:17:06,038 INFO  [Log] Type URL https://login.naukri.com/nLogin/Login.php? 
2017-06-04 21:17:06,113 INFO  [Log] Test Case  'blankPasswordLogin' is Started 
2017-06-04 21:17:06,141 INFO  [Log] ############################# START ########################### 
2017-06-04 21:17:06,187 INFO  [Log]  
2017-06-04 21:17:07,075 INFO  [Log] Type 'ketan_pardeshiarun@yahoo.com' in  text box Username on Login Page. 
2017-06-04 21:17:07,558 INFO  [Log] Clicked on Sign in Button On Login Page. 
2017-06-04 21:17:08,109 INFO  [Log] Read text from Password error on login page.Text= Please enter your Password 
2017-06-04 21:17:08,123 INFO  [Log] Assertion Pass. Expected: Please enter your Password Actual: Please enter your Password 
2017-06-04 21:17:08,135 INFO  [Log] Test Case  'blankPasswordLogin' is Passed 
2017-06-04 21:17:08,150 INFO  [Log] ############################# END ########################### 
2017-06-04 21:17:08,158 INFO  [Log]  
2017-06-04 21:17:08,628 INFO  [Log] Opening firefox browser 
2017-06-04 21:17:30,239 INFO  [Log] Type URL https://login.naukri.com/nLogin/Login.php? 
2017-06-04 21:17:30,427 INFO  [Log] Test Case  'invalidLoginCredentials' is Started 
2017-06-04 21:17:30,444 INFO  [Log] ############################# START ########################### 
2017-06-04 21:17:30,454 INFO  [Log]  
2017-06-04 21:17:31,187 INFO  [Log] Type 'ketan_pardesh@yahoo.com' in  text box Username on Login Page. 
2017-06-04 21:17:31,761 INFO  [Log] Type 'kdsfhkajakdja' in  text box Password on Login Page. 
2017-06-04 21:17:32,326 INFO  [Log] Clicked on Sign in Button On Login Page. 
2017-06-04 21:17:33,591 ERROR [Log] Error for invalid username and password. Control is not visible to read text 
2017-06-04 21:17:33,658 INFO  [Log] Test Case 'invalidLoginCredentials' is Failed 
2017-06-04 21:17:33,673 INFO  [Log] ############################# END ########################### 
2017-06-04 21:17:33,686 INFO  [Log]  
2017-06-04 21:17:34,854 INFO  [Log] Opening firefox browser 
2017-06-04 21:17:49,926 INFO  [Log] Type URL https://login.naukri.com/nLogin/Login.php? 
2017-06-04 21:17:50,083 INFO  [Log] Test Case  'validLogin' is Started 
2017-06-04 21:17:50,090 INFO  [Log] ############################# START ########################### 
2017-06-04 21:17:50,096 INFO  [Log]  
2017-06-04 21:17:50,503 INFO  [Log] Type 'ketan_pardeshiarun@yahoo.com' in  text box Username on Login Page. 
2017-06-04 21:17:50,787 INFO  [Log] Type 'Admin@12345' in  text box Password on Login Page. 
2017-06-04 21:17:51,111 INFO  [Log] Clicked on Sign in Button On Login Page. 
2017-06-04 21:17:58,887 INFO  [Log] Assertion Passed. Expected: true Actual: true 
2017-06-04 21:17:58,910 INFO  [Log] Test Case  'validLogin' is Passed 
2017-06-04 21:17:58,917 INFO  [Log] ############################# END ########################### 
2017-06-04 21:17:58,926 INFO  [Log]  
2017-06-04 21:17:59,434 INFO  [Log] Opening firefox browser 
2017-06-04 21:18:12,052 INFO  [Log] Type URL https://login.naukri.com/nLogin/Login.php? 
2017-06-04 21:18:12,176 INFO  [Log] Test Case  'Login' is Started 
2017-06-04 21:18:12,186 INFO  [Log] ############################# START ########################### 
2017-06-04 21:18:12,196 INFO  [Log]  
2017-06-04 21:18:13,069 INFO  [Log] Type 'ketan_pardeshiarun@yahoo.com' in  text box Username on Login Page. 
2017-06-04 21:18:13,816 INFO  [Log] Clicked on Sign in Button On Login Page. 
2017-06-04 21:18:14,392 INFO  [Log] Assertion Passed. Expected: true Actual: true 
2017-06-04 21:18:14,408 INFO  [Log] Test Case  'Login' is Passed 
2017-06-04 21:18:14,416 INFO  [Log] ############################# END ########################### 
2017-06-04 21:18:14,440 INFO  [Log]  
2017-06-04 21:18:15,088 INFO  [Log] Opening firefox browser 
2017-06-04 21:18:28,336 INFO  [Log] Type URL https://login.naukri.com/nLogin/Login.php? 
2017-06-04 21:18:28,385 INFO  [Log] Test Case  'Login' is Started 
2017-06-04 21:18:28,393 INFO  [Log] ############################# START ########################### 
2017-06-04 21:18:28,400 INFO  [Log]  
2017-06-04 21:18:28,891 INFO  [Log] Type 'Admin@12345' in  text box Password on Login Page. 
2017-06-04 21:18:29,276 INFO  [Log] Clicked on Sign in Button On Login Page. 
2017-06-04 21:18:29,643 INFO  [Log] Assertion Passed. Expected: true Actual: true 
2017-06-04 21:18:29,651 INFO  [Log] Test Case  'Login' is Passed 
2017-06-04 21:18:29,665 INFO  [Log] ############################# END ########################### 
2017-06-04 21:18:29,672 INFO  [Log]  
2017-06-04 21:18:30,049 INFO  [Log] Opening firefox browser 
2017-06-04 21:18:43,021 INFO  [Log] Type URL https://login.naukri.com/nLogin/Login.php? 
2017-06-04 21:18:43,064 INFO  [Log] Test Case  'Login' is Started 
2017-06-04 21:18:43,073 INFO  [Log] ############################# START ########################### 
2017-06-04 21:18:43,084 INFO  [Log]  
2017-06-04 21:18:43,590 INFO  [Log] Type 'ketan_pardeshiarun@yahoo.com' in  text box Username on Login Page. 
2017-06-04 21:18:44,022 INFO  [Log] Type 'admin1' in  text box Password on Login Page. 
2017-06-04 21:18:44,334 INFO  [Log] Clicked on Sign in Button On Login Page. 
2017-06-04 21:18:45,211 INFO  [Log] Test Case 'Login' is Failed 
2017-06-04 21:18:45,217 INFO  [Log] ############################# END ########################### 
2017-06-04 21:18:45,221 INFO  [Log]  
2017-06-04 21:18:45,885 INFO  [Log] Opening firefox browser 
2017-06-04 21:18:57,437 INFO  [Log] Type URL https://login.naukri.com/nLogin/Login.php? 
2017-06-04 21:18:57,621 INFO  [Log] Test Case  'Login' is Started 
2017-06-04 21:18:57,647 INFO  [Log] ############################# START ########################### 
2017-06-04 21:18:57,653 INFO  [Log]  
2017-06-04 21:18:58,142 INFO  [Log] Type 'ketan_pardeshiarun@yahoo.com' in  text box Username on Login Page. 
2017-06-04 21:18:58,370 INFO  [Log] Type 'Admin@12345' in  text box Password on Login Page. 
2017-06-04 21:18:58,654 INFO  [Log] Clicked on Sign in Button On Login Page. 
2017-06-04 21:19:03,035 INFO  [Log] Assertion Passed. Expected: true Actual: true 
2017-06-04 21:19:03,042 INFO  [Log] Test Case  'Login' is Passed 
2017-06-04 21:19:03,054 INFO  [Log] ############################# END ########################### 
2017-06-04 21:19:03,059 INFO  [Log]  
2017-06-04 21:19:03,614 INFO  [Log] Test suite execution is completed. 
2017-06-04 21:19:03,619 INFO  [Log] ############################# Finish ########################### 
2017-06-04 21:19:03,623 INFO  [Log]  
2017-06-04 21:55:32,962 INFO  [Log] Started running Test suite : Test 
2017-06-04 21:55:33,069 INFO  [Log] Opening firefox browser 
2017-06-04 21:56:21,574 INFO  [Log] Test Case  'blankEmailIDLogin' is Started 
2017-06-04 21:56:21,651 INFO  [Log] ############################# START ########################### 
2017-06-04 21:56:21,682 INFO  [Log]  
2017-06-04 21:56:21,712 INFO  [Log] Test Case 'blankEmailIDLogin' is 3 
2017-06-04 21:56:21,748 INFO  [Log] Opening firefox browser 
2017-06-04 21:57:08,013 INFO  [Log] Test Case  'blankPasswordLogin' is Started 
2017-06-04 21:57:08,027 INFO  [Log] ############################# START ########################### 
2017-06-04 21:57:08,041 INFO  [Log]  
2017-06-04 21:57:08,058 INFO  [Log] Test Case 'blankPasswordLogin' is 3 
2017-06-04 21:57:08,098 INFO  [Log] Opening firefox browser 
2017-06-04 21:57:54,186 INFO  [Log] Test Case  'invalidLoginCredentials' is Started 
2017-06-04 21:57:54,227 INFO  [Log] ############################# START ########################### 
2017-06-04 21:57:54,283 INFO  [Log]  
2017-06-04 21:57:54,328 INFO  [Log] Test Case 'invalidLoginCredentials' is 3 
2017-06-04 21:57:54,380 INFO  [Log] Opening firefox browser 
2017-06-04 21:58:40,707 INFO  [Log] Test Case  'validLogin' is Started 
2017-06-04 21:58:40,712 INFO  [Log] ############################# START ########################### 
2017-06-04 21:58:40,722 INFO  [Log]  
2017-06-04 21:58:40,729 INFO  [Log] Test Case 'validLogin' is 3 
2017-06-04 21:58:40,771 INFO  [Log] Opening firefox browser 
2017-06-04 21:59:26,752 INFO  [Log] Test Case  'Login' is Started 
2017-06-04 21:59:26,783 INFO  [Log] ############################# START ########################### 
2017-06-04 21:59:26,836 INFO  [Log]  
2017-06-04 21:59:26,863 INFO  [Log] Test Case 'Login' is 3 
2017-06-04 21:59:26,894 INFO  [Log] Opening firefox browser 
2017-06-04 22:00:13,676 INFO  [Log] Test Case  'Login' is Started 
2017-06-04 22:00:13,710 INFO  [Log] ############################# START ########################### 
2017-06-04 22:00:13,744 INFO  [Log]  
2017-06-04 22:00:13,766 INFO  [Log] Test Case 'Login' is 3 
2017-06-04 22:00:13,790 INFO  [Log] Opening firefox browser 
2017-06-04 22:01:00,913 INFO  [Log] Test Case  'Login' is Started 
2017-06-04 22:01:00,921 INFO  [Log] ############################# START ########################### 
2017-06-04 22:01:00,928 INFO  [Log]  
2017-06-04 22:01:00,938 INFO  [Log] Test Case 'Login' is 3 
2017-06-04 22:01:00,954 INFO  [Log] Opening firefox browser 
2017-06-04 22:01:47,114 INFO  [Log] Test Case  'Login' is Started 
2017-06-04 22:01:47,126 INFO  [Log] ############################# START ########################### 
2017-06-04 22:01:47,134 INFO  [Log]  
2017-06-04 22:01:47,153 INFO  [Log] Test Case 'Login' is 3 
2017-06-04 22:01:47,648 INFO  [Log] Test suite execution is completed. 
2017-06-04 22:01:47,657 INFO  [Log] ############################# Finish ########################### 
2017-06-04 22:01:47,663 INFO  [Log]  
2017-06-04 22:02:59,613 INFO  [Log] Started running Test suite : Test 
2017-06-04 22:02:59,685 INFO  [Log] Opening IE browser 
2017-06-04 22:03:13,517 INFO  [Log] Type URL https://login.naukri.com/nLogin/Login.php? 
2017-06-04 22:03:13,716 INFO  [Log] Test Case  'blankEmailIDLogin' is Started 
2017-06-04 22:03:13,743 INFO  [Log] ############################# START ########################### 
2017-06-04 22:03:13,787 INFO  [Log]  
2017-06-04 22:03:13,818 INFO  [Log] Test Case 'blankEmailIDLogin' is 3 
2017-06-04 22:03:15,470 INFO  [Log] Opening IE browser 
2017-06-04 22:03:18,814 INFO  [Log] Type URL https://login.naukri.com/nLogin/Login.php? 
2017-06-04 22:03:18,874 INFO  [Log] Test Case  'blankPasswordLogin' is Started 
2017-06-04 22:03:18,915 INFO  [Log] ############################# START ########################### 
2017-06-04 22:03:18,963 INFO  [Log]  
2017-06-04 22:03:18,987 INFO  [Log] Test Case 'blankPasswordLogin' is 3 
2017-06-04 22:03:19,977 INFO  [Log] Opening IE browser 
2017-06-04 22:03:23,884 INFO  [Log] Type URL https://login.naukri.com/nLogin/Login.php? 
2017-06-04 22:03:23,945 INFO  [Log] Test Case  'invalidLoginCredentials' is Started 
2017-06-04 22:03:24,008 INFO  [Log] ############################# START ########################### 
2017-06-04 22:03:24,018 INFO  [Log]  
2017-06-04 22:03:24,103 INFO  [Log] Test Case 'invalidLoginCredentials' is 3 
2017-06-04 22:03:25,136 INFO  [Log] Opening IE browser 
2017-06-04 22:03:29,079 INFO  [Log] Type URL https://login.naukri.com/nLogin/Login.php? 
2017-06-04 22:03:29,133 INFO  [Log] Test Case  'validLogin' is Started 
2017-06-04 22:03:29,161 INFO  [Log] ############################# START ########################### 
2017-06-04 22:03:29,178 INFO  [Log]  
2017-06-04 22:03:29,191 INFO  [Log] Test Case 'validLogin' is 3 
2017-06-04 22:03:30,692 INFO  [Log] Opening IE browser 
2017-06-04 22:03:34,551 INFO  [Log] Type URL https://login.naukri.com/nLogin/Login.php? 
2017-06-04 22:03:34,589 INFO  [Log] Test Case  'Login' is Started 
2017-06-04 22:03:34,603 INFO  [Log] ############################# START ########################### 
2017-06-04 22:03:34,613 INFO  [Log]  
2017-06-04 22:03:34,629 INFO  [Log] Test Case 'Login' is 3 
2017-06-04 22:03:35,904 INFO  [Log] Opening IE browser 
2017-06-04 22:03:40,932 INFO  [Log] Type URL https://login.naukri.com/nLogin/Login.php? 
2017-06-04 22:03:41,022 INFO  [Log] Test Case  'Login' is Started 
2017-06-04 22:03:41,031 INFO  [Log] ############################# START ########################### 
2017-06-04 22:03:41,039 INFO  [Log]  
2017-06-04 22:03:41,058 INFO  [Log] Test Case 'Login' is 3 
2017-06-04 22:03:41,944 INFO  [Log] Opening IE browser 
2017-06-04 22:03:46,242 INFO  [Log] Type URL https://login.naukri.com/nLogin/Login.php? 
2017-06-04 22:03:46,284 INFO  [Log] Test Case  'Login' is Started 
2017-06-04 22:03:46,289 INFO  [Log] ############################# START ########################### 
2017-06-04 22:03:46,293 INFO  [Log]  
2017-06-04 22:03:46,308 INFO  [Log] Test Case 'Login' is 3 
2017-06-04 22:03:47,940 INFO  [Log] Opening IE browser 
2017-06-04 22:03:53,412 INFO  [Log] Type URL https://login.naukri.com/nLogin/Login.php? 
2017-06-04 22:03:53,462 INFO  [Log] Test Case  'Login' is Started 
2017-06-04 22:03:53,471 INFO  [Log] ############################# START ########################### 
2017-06-04 22:03:53,498 INFO  [Log]  
2017-06-04 22:03:53,525 INFO  [Log] Test Case 'Login' is 3 
2017-06-04 22:03:54,663 INFO  [Log] Test suite execution is completed. 
2017-06-04 22:03:54,673 INFO  [Log] ############################# Finish ########################### 
2017-06-04 22:03:54,693 INFO  [Log]  
2017-06-04 22:11:26,576 INFO  [Log] Started running Test suite : Test 
2017-06-04 22:11:26,828 INFO  [Log] Opening IE browser 
2017-06-04 22:11:39,621 INFO  [Log] Type URL https://login.naukri.com/nLogin/Login.php? 
2017-06-04 22:11:40,017 INFO  [Log] Test Case  'blankEmailIDLogin' is Started 
2017-06-04 22:11:40,373 INFO  [Log] ############################# START ########################### 
2017-06-04 22:11:40,388 INFO  [Log]  
2017-06-04 22:11:40,435 INFO  [Log] Test Case 'blankEmailIDLogin' is 3 
2017-06-04 22:11:42,896 INFO  [Log] Opening IE browser 
2017-06-04 22:11:46,065 INFO  [Log] Type URL https://login.naukri.com/nLogin/Login.php? 
2017-06-04 22:11:46,101 INFO  [Log] Test Case  'blankPasswordLogin' is Started 
2017-06-04 22:11:46,110 INFO  [Log] ############################# START ########################### 
2017-06-04 22:11:46,117 INFO  [Log]  
2017-06-04 22:11:46,141 INFO  [Log] Test Case 'blankPasswordLogin' is 3 
2017-06-04 22:11:47,086 INFO  [Log] Opening IE browser 
2017-06-04 22:11:49,744 INFO  [Log] Type URL https://login.naukri.com/nLogin/Login.php? 
2017-06-04 22:11:49,785 INFO  [Log] Test Case  'invalidLoginCredentials' is Started 
2017-06-04 22:11:49,807 INFO  [Log] ############################# START ########################### 
2017-06-04 22:11:49,815 INFO  [Log]  
2017-06-04 22:11:49,837 INFO  [Log] Test Case 'invalidLoginCredentials' is 3 
2017-06-04 22:11:50,710 INFO  [Log] Opening IE browser 
2017-06-04 22:11:54,293 INFO  [Log] Type URL https://login.naukri.com/nLogin/Login.php? 
2017-06-04 22:11:54,346 INFO  [Log] Test Case  'validLogin' is Started 
2017-06-04 22:11:54,352 INFO  [Log] ############################# START ########################### 
2017-06-04 22:11:54,360 INFO  [Log]  
2017-06-04 22:11:54,372 INFO  [Log] Test Case 'validLogin' is 3 
2017-06-04 22:11:55,153 INFO  [Log] Opening IE browser 
2017-06-04 22:17:52,268 INFO  [Log] Started running Test suite : Test 
2017-06-04 22:17:52,328 INFO  [Log] Opening IE browser 
2017-06-04 22:17:56,359 INFO  [Log] Type URL https://login.naukri.com/nLogin/Login.php? 
2017-06-04 22:17:56,421 INFO  [Log] Test Case  'blankEmailIDLogin' is Started 
2017-06-04 22:17:56,529 INFO  [Log] ############################# START ########################### 
2017-06-04 22:17:56,548 INFO  [Log]  
2017-06-04 22:17:56,561 INFO  [Log] Test Case 'blankEmailIDLogin' is 3 
2017-06-04 22:17:57,513 INFO  [Log] Opening IE browser 
2017-06-04 22:18:02,391 INFO  [Log] Type URL https://login.naukri.com/nLogin/Login.php? 
2017-06-04 22:18:02,439 INFO  [Log] Test Case  'blankPasswordLogin' is Started 
2017-06-04 22:18:02,465 INFO  [Log] ############################# START ########################### 
2017-06-04 22:18:02,474 INFO  [Log]  
2017-06-04 22:18:02,495 INFO  [Log] Test Case 'blankPasswordLogin' is 3 
2017-06-04 22:18:03,244 INFO  [Log] Opening IE browser 
2017-06-04 22:18:06,534 INFO  [Log] Type URL https://login.naukri.com/nLogin/Login.php? 
2017-06-04 22:18:06,586 INFO  [Log] Test Case  'invalidLoginCredentials' is Started 
2017-06-04 22:18:06,597 INFO  [Log] ############################# START ########################### 
2017-06-04 22:18:06,607 INFO  [Log]  
2017-06-04 22:18:06,653 INFO  [Log] Test Case 'invalidLoginCredentials' is 3 
2017-06-04 22:18:07,552 INFO  [Log] Opening IE browser 
2017-06-04 22:18:10,815 INFO  [Log] Type URL https://login.naukri.com/nLogin/Login.php? 
2017-06-04 22:18:10,849 INFO  [Log] Test Case  'validLogin' is Started 
2017-06-04 22:18:10,872 INFO  [Log] ############################# START ########################### 
2017-06-04 22:18:10,887 INFO  [Log]  
2017-06-04 22:18:10,911 INFO  [Log] Test Case 'validLogin' is 3 
2017-06-04 22:18:11,686 INFO  [Log] Opening IE browser 
2017-06-04 22:18:14,464 INFO  [Log] Type URL https://login.naukri.com/nLogin/Login.php? 
2017-06-04 22:18:14,492 INFO  [Log] Test Case  'Login' is Started 
2017-06-04 22:18:14,501 INFO  [Log] ############################# START ########################### 
2017-06-04 22:18:14,510 INFO  [Log]  
2017-06-04 22:18:14,520 INFO  [Log] Test Case 'Login' is 3 
2017-06-04 22:18:15,596 INFO  [Log] Opening IE browser 
2017-06-04 22:18:18,274 INFO  [Log] Type URL https://login.naukri.com/nLogin/Login.php? 
2017-06-04 22:18:18,311 INFO  [Log] Test Case  'Login' is Started 
2017-06-04 22:18:18,318 INFO  [Log] ############################# START ########################### 
2017-06-04 22:18:18,324 INFO  [Log]  
2017-06-04 22:18:18,333 INFO  [Log] Test Case 'Login' is 3 
2017-06-04 22:18:19,131 INFO  [Log] Opening IE browser 
2017-06-04 22:18:24,012 INFO  [Log] Type URL https://login.naukri.com/nLogin/Login.php? 
2017-06-04 22:18:24,033 INFO  [Log] Test Case  'Login' is Started 
2017-06-04 22:18:24,041 INFO  [Log] ############################# START ########################### 
2017-06-04 22:18:24,048 INFO  [Log]  
2017-06-04 22:18:24,058 INFO  [Log] Test Case 'Login' is 3 
2017-06-04 22:18:24,700 INFO  [Log] Opening IE browser 
2017-06-04 22:18:27,549 INFO  [Log] Type URL https://login.naukri.com/nLogin/Login.php? 
2017-06-04 22:18:27,575 INFO  [Log] Test Case  'Login' is Started 
2017-06-04 22:18:27,581 INFO  [Log] ############################# START ########################### 
2017-06-04 22:18:27,587 INFO  [Log]  
2017-06-04 22:18:27,596 INFO  [Log] Test Case 'Login' is 3 
2017-06-04 22:18:28,365 INFO  [Log] Test suite execution is completed. 
2017-06-04 22:18:28,371 INFO  [Log] ############################# Finish ########################### 
2017-06-04 22:18:28,377 INFO  [Log]  
2017-06-04 22:20:14,200 INFO  [Log] Started running Test suite : Test 
2017-06-04 22:20:14,271 INFO  [Log] Opening chrome browser 
2017-06-04 22:20:25,256 INFO  [Log] Type URL https://login.naukri.com/nLogin/Login.php? 
2017-06-04 22:20:26,830 INFO  [Log] Test Case  'blankEmailIDLogin' is Started 
2017-06-04 22:20:26,858 INFO  [Log] ############################# START ########################### 
2017-06-04 22:20:26,871 INFO  [Log]  
2017-06-04 22:20:27,609 INFO  [Log] Type 'admin1234' in  text box Password on Login Page. 
2017-06-04 22:20:28,128 INFO  [Log] Clicked on Sign in Button On Login Page. 
2017-06-04 22:20:28,663 INFO  [Log] Read text from Error message on login page.Text= Please specify your Email ID 
2017-06-04 22:20:28,677 INFO  [Log] Assertion Pass. Expected: Please specify your Email ID Actual: Please specify your Email ID 
2017-06-04 22:20:28,691 INFO  [Log] Test Case  'blankEmailIDLogin' is Passed 
2017-06-04 22:20:28,702 INFO  [Log] ############################# END ########################### 
2017-06-04 22:20:28,713 INFO  [Log]  
2017-06-04 22:20:29,829 INFO  [Log] Opening chrome browser 
2017-06-04 22:20:36,942 INFO  [Log] Type URL https://login.naukri.com/nLogin/Login.php? 
2017-06-04 22:20:38,667 INFO  [Log] Test Case  'blankPasswordLogin' is Started 
2017-06-04 22:20:38,684 INFO  [Log] ############################# START ########################### 
2017-06-04 22:20:38,707 INFO  [Log]  
2017-06-04 22:20:39,771 INFO  [Log] Type 'ketan_pardeshiarun@yahoo.com' in  text box Username on Login Page. 
2017-06-04 22:20:40,368 INFO  [Log] Clicked on Sign in Button On Login Page. 
2017-06-04 22:20:40,995 INFO  [Log] Read text from Password error on login page.Text= Please enter your Password 
2017-06-04 22:20:41,008 INFO  [Log] Assertion Pass. Expected: Please enter your Password Actual: Please enter your Password 
2017-06-04 22:20:41,023 INFO  [Log] Test Case  'blankPasswordLogin' is Passed 
2017-06-04 22:20:41,034 INFO  [Log] ############################# END ########################### 
2017-06-04 22:20:41,045 INFO  [Log]  
2017-06-04 22:20:41,890 INFO  [Log] Opening chrome browser 
2017-06-04 22:20:48,908 INFO  [Log] Type URL https://login.naukri.com/nLogin/Login.php? 
2017-06-04 22:20:50,422 INFO  [Log] Test Case  'invalidLoginCredentials' is Started 
2017-06-04 22:20:50,437 INFO  [Log] ############################# START ########################### 
2017-06-04 22:20:50,450 INFO  [Log]  
2017-06-04 22:20:51,745 INFO  [Log] Type 'ketan_pardesh@yahoo.com' in  text box Username on Login Page. 
2017-06-04 22:20:52,431 INFO  [Log] Type 'kdsfhkajakdja' in  text box Password on Login Page. 
2017-06-04 22:20:54,102 INFO  [Log] Clicked on Sign in Button On Login Page. 
2017-06-04 22:20:54,872 INFO  [Log] Read text from Error for invalid username and password.Text= Invalid Details. Please check the EmailID-Password combination. 
2017-06-04 22:20:54,886 INFO  [Log] Assertion Pass. Expected: Invalid Details. Please check the EmailID-Password combination. Actual: Invalid Details. Please check the EmailID-Password combination. 
2017-06-04 22:20:54,908 INFO  [Log] Test Case  'invalidLoginCredentials' is Passed 
2017-06-04 22:20:54,923 INFO  [Log] ############################# END ########################### 
2017-06-04 22:20:54,936 INFO  [Log]  
2017-06-04 22:20:55,825 INFO  [Log] Opening chrome browser 
2017-06-04 22:21:03,706 INFO  [Log] Type URL https://login.naukri.com/nLogin/Login.php? 
2017-06-04 22:21:05,462 INFO  [Log] Test Case  'validLogin' is Started 
2017-06-04 22:21:05,474 INFO  [Log] ############################# START ########################### 
2017-06-04 22:21:05,492 INFO  [Log]  
2017-06-04 22:21:06,509 INFO  [Log] Type 'ketan_pardeshiarun@yahoo.com' in  text box Username on Login Page. 
2017-06-04 22:21:07,212 INFO  [Log] Type 'Admin@12345' in  text box Password on Login Page. 
2017-06-04 22:21:19,463 INFO  [Log] Clicked on Sign in Button On Login Page. 
2017-06-04 22:21:20,170 INFO  [Log] Assertion Passed. Expected: true Actual: true 
2017-06-04 22:21:20,177 INFO  [Log] Test Case  'validLogin' is Passed 
2017-06-04 22:21:20,182 INFO  [Log] ############################# END ########################### 
2017-06-04 22:21:20,187 INFO  [Log]  
2017-06-04 22:21:21,214 INFO  [Log] Opening chrome browser 
2017-06-04 22:21:27,975 INFO  [Log] Type URL https://login.naukri.com/nLogin/Login.php? 
2017-06-04 22:21:29,572 INFO  [Log] Test Case  'Login' is Started 
2017-06-04 22:21:29,580 INFO  [Log] ############################# START ########################### 
2017-06-04 22:21:29,592 INFO  [Log]  
2017-06-04 22:21:30,580 INFO  [Log] Type 'ketan_pardeshiarun@yahoo.com' in  text box Username on Login Page. 
2017-06-04 22:21:31,036 INFO  [Log] Clicked on Sign in Button On Login Page. 
2017-06-04 22:21:31,448 INFO  [Log] Assertion Passed. Expected: true Actual: true 
2017-06-04 22:21:31,458 INFO  [Log] Test Case  'Login' is Passed 
2017-06-04 22:21:31,465 INFO  [Log] ############################# END ########################### 
2017-06-04 22:21:31,472 INFO  [Log]  
2017-06-04 22:21:32,243 INFO  [Log] Opening chrome browser 
2017-06-04 22:21:39,310 INFO  [Log] Type URL https://login.naukri.com/nLogin/Login.php? 
2017-06-04 22:21:40,888 INFO  [Log] Test Case  'Login' is Started 
2017-06-04 22:21:40,893 INFO  [Log] ############################# START ########################### 
2017-06-04 22:21:40,899 INFO  [Log]  
2017-06-04 22:21:41,528 INFO  [Log] Type 'Admin@12345' in  text box Password on Login Page. 
2017-06-04 22:21:42,096 INFO  [Log] Clicked on Sign in Button On Login Page. 
2017-06-04 22:21:42,500 INFO  [Log] Assertion Passed. Expected: true Actual: true 
2017-06-04 22:21:42,513 INFO  [Log] Test Case  'Login' is Passed 
2017-06-04 22:21:42,520 INFO  [Log] ############################# END ########################### 
2017-06-04 22:21:42,524 INFO  [Log]  
2017-06-04 22:21:43,430 INFO  [Log] Opening chrome browser 
2017-06-04 22:21:52,058 INFO  [Log] Type URL https://login.naukri.com/nLogin/Login.php? 
2017-06-04 22:21:53,612 INFO  [Log] Test Case  'Login' is Started 
2017-06-04 22:21:53,624 INFO  [Log] ############################# START ########################### 
2017-06-04 22:21:53,636 INFO  [Log]  
2017-06-04 22:21:54,897 INFO  [Log] Type 'ketan_pardeshiarun@yahoo.com' in  text box Username on Login Page. 
2017-06-04 22:21:55,667 INFO  [Log] Type 'admin1' in  text box Password on Login Page. 
2017-06-04 22:21:57,296 INFO  [Log] Clicked on Sign in Button On Login Page. 
2017-06-04 22:21:57,823 INFO  [Log] Assertion Passed. Expected: true Actual: true 
2017-06-04 22:21:57,830 INFO  [Log] Test Case  'Login' is Passed 
2017-06-04 22:21:57,837 INFO  [Log] ############################# END ########################### 
2017-06-04 22:21:57,846 INFO  [Log]  
2017-06-04 22:21:58,642 INFO  [Log] Opening chrome browser 
2017-06-04 22:22:05,840 INFO  [Log] Type URL https://login.naukri.com/nLogin/Login.php? 
2017-06-04 22:22:07,461 INFO  [Log] Test Case  'Login' is Started 
2017-06-04 22:22:07,470 INFO  [Log] ############################# START ########################### 
2017-06-04 22:22:07,478 INFO  [Log]  
2017-06-04 22:22:08,536 INFO  [Log] Type 'ketan_pardeshiarun@yahoo.com' in  text box Username on Login Page. 
2017-06-04 22:22:09,415 INFO  [Log] Type 'Admin@12345' in  text box Password on Login Page. 
2017-06-04 22:22:20,178 INFO  [Log] Clicked on Sign in Button On Login Page. 
2017-06-04 22:22:20,569 INFO  [Log] Assertion Passed. Expected: true Actual: true 
2017-06-04 22:22:20,577 INFO  [Log] Test Case  'Login' is Passed 
2017-06-04 22:22:20,582 INFO  [Log] ############################# END ########################### 
2017-06-04 22:22:20,590 INFO  [Log]  
2017-06-04 22:22:21,638 INFO  [Log] Test suite execution is completed. 
2017-06-04 22:22:21,647 INFO  [Log] ############################# Finish ########################### 
2017-06-04 22:22:21,667 INFO  [Log]  
2017-06-04 22:37:51,515 INFO  [Log] Started running Test suite : Test 
2017-06-04 22:37:51,567 INFO  [Log] Opening RemoteChrome browser 
2017-06-04 22:38:01,284 INFO  [Log] Type URL https://login.naukri.com/nLogin/Login.php? 
2017-06-04 22:38:03,203 INFO  [Log] Test Case  'blankEmailIDLogin' is Started 
2017-06-04 22:38:03,236 INFO  [Log] ############################# START ########################### 
2017-06-04 22:38:03,252 INFO  [Log]  
2017-06-04 22:38:04,664 INFO  [Log] Type 'admin1234' in  text box Password on Login Page. 
2017-06-04 22:38:05,525 INFO  [Log] Clicked on Sign in Button On Login Page. 
2017-06-04 22:38:06,152 INFO  [Log] Read text from Error message on login page.Text= Please specify your Email ID 
2017-06-04 22:38:06,176 INFO  [Log] Assertion Pass. Expected: Please specify your Email ID Actual: Please specify your Email ID 
2017-06-04 22:38:06,200 INFO  [Log] Test Case  'blankEmailIDLogin' is Passed 
2017-06-04 22:38:06,228 INFO  [Log] ############################# END ########################### 
2017-06-04 22:38:06,246 INFO  [Log]  
2017-06-04 22:38:07,762 INFO  [Log] Opening RemoteChrome browser 
2017-06-04 22:38:15,392 INFO  [Log] Type URL https://login.naukri.com/nLogin/Login.php? 
2017-06-04 22:38:17,065 INFO  [Log] Test Case  'blankPasswordLogin' is Started 
2017-06-04 22:38:17,099 INFO  [Log] ############################# START ########################### 
2017-06-04 22:38:17,116 INFO  [Log]  
2017-06-04 22:38:18,414 INFO  [Log] Type 'ketan_pardeshiarun@yahoo.com' in  text box Username on Login Page. 
2017-06-04 22:38:19,365 INFO  [Log] Clicked on Sign in Button On Login Page. 
2017-06-04 22:38:20,069 INFO  [Log] Read text from Password error on login page.Text= Please enter your Password 
2017-06-04 22:38:20,077 INFO  [Log] Assertion Pass. Expected: Please enter your Password Actual: Please enter your Password 
2017-06-04 22:38:20,091 INFO  [Log] Test Case  'blankPasswordLogin' is Passed 
2017-06-04 22:38:20,100 INFO  [Log] ############################# END ########################### 
2017-06-04 22:38:20,108 INFO  [Log]  
2017-06-04 22:38:21,332 INFO  [Log] Opening RemoteChrome browser 
2017-06-04 22:38:29,217 INFO  [Log] Type URL https://login.naukri.com/nLogin/Login.php? 
2017-06-04 22:38:30,906 INFO  [Log] Test Case  'invalidLoginCredentials' is Started 
2017-06-04 22:38:30,914 INFO  [Log] ############################# START ########################### 
2017-06-04 22:38:30,923 INFO  [Log]  
2017-06-04 22:38:31,976 INFO  [Log] Type 'ketan_pardesh@yahoo.com' in  text box Username on Login Page. 
2017-06-04 22:38:32,837 INFO  [Log] Type 'kdsfhkajakdja' in  text box Password on Login Page. 
2017-06-04 22:38:34,684 INFO  [Log] Clicked on Sign in Button On Login Page. 
2017-06-04 22:38:35,185 INFO  [Log] Read text from Error for invalid username and password.Text= Invalid Details. Please check the EmailID-Password combination. 
2017-06-04 22:38:35,190 INFO  [Log] Assertion Pass. Expected: Invalid Details. Please check the EmailID-Password combination. Actual: Invalid Details. Please check the EmailID-Password combination. 
2017-06-04 22:38:35,199 INFO  [Log] Test Case  'invalidLoginCredentials' is Passed 
2017-06-04 22:38:35,213 INFO  [Log] ############################# END ########################### 
2017-06-04 22:38:35,218 INFO  [Log]  
2017-06-04 22:38:36,093 INFO  [Log] Opening RemoteChrome browser 
2017-06-04 22:39:36,120 INFO  [Log] Started running Test suite : Test 
2017-06-04 22:39:36,327 INFO  [Log] Opening RemoteChrome browser 
2017-06-04 22:39:36,329 INFO  [Log] Opening RemoteChrome browser 
2017-06-04 22:39:36,335 INFO  [Log] Opening RemoteChrome browser 
2017-06-04 22:39:45,875 INFO  [Log] Type URL https://login.naukri.com/nLogin/Login.php? 
2017-06-04 22:39:47,504 INFO  [Log] Test Case  'blankEmailIDLogin' is Started 
2017-06-04 22:39:47,546 INFO  [Log] ############################# START ########################### 
2017-06-04 22:39:47,563 INFO  [Log]  
2017-06-04 22:39:48,897 INFO  [Log] Type 'admin1234' in  text box Password on Login Page. 
2017-06-04 22:39:50,026 INFO  [Log] Clicked on Sign in Button On Login Page. 
2017-06-04 22:39:50,681 INFO  [Log] Read text from Error message on login page.Text= Please specify your Email ID 
2017-06-04 22:39:50,695 INFO  [Log] Assertion Pass. Expected: Please specify your Email ID Actual: Please specify your Email ID 
2017-06-04 22:39:50,709 INFO  [Log] Test Case  'blankEmailIDLogin' is Passed 
2017-06-04 22:39:50,719 INFO  [Log] ############################# END ########################### 
2017-06-04 22:39:50,729 INFO  [Log]  
2017-06-04 22:39:51,619 INFO  [Log] Opening RemoteChrome browser 
2017-06-04 22:39:57,605 INFO  [Log] Type URL https://login.naukri.com/nLogin/Login.php? 
2017-06-04 22:39:58,132 INFO  [Log] Test Case  'invalidLoginCredentials' is Started 
2017-06-04 22:39:58,157 INFO  [Log] ############################# START ########################### 
2017-06-04 22:39:58,166 INFO  [Log]  
2017-06-04 22:39:58,183 INFO  [Log] Test Case 'invalidLoginCredentials' is 3 
2017-06-04 22:39:59,141 INFO  [Log] Opening RemoteChrome browser 
2017-06-04 22:40:16,316 INFO  [Log] Started running Test suite : Test 
2017-06-04 22:40:16,381 INFO  [Log] Opening Chrome browser 
2017-06-04 22:40:16,383 INFO  [Log] Opening Chrome browser 
2017-06-04 22:40:16,385 INFO  [Log] Opening Chrome browser 
2017-06-04 22:40:31,710 INFO  [Log] Type URL https://login.naukri.com/nLogin/Login.php? 
2017-06-04 22:40:32,021 INFO  [Log] Type URL https://login.naukri.com/nLogin/Login.php? 
2017-06-04 22:40:33,903 INFO  [Log] Test Case  'blankEmailIDLogin' is Started 
2017-06-04 22:40:34,235 INFO  [Log] ############################# START ########################### 
2017-06-04 22:40:34,250 INFO  [Log]  
2017-06-04 22:40:34,306 INFO  [Log] Test Case  'invalidLoginCredentials' is Started 
2017-06-04 22:40:34,383 INFO  [Log] Type URL https://login.naukri.com/nLogin/Login.php? 
2017-06-04 22:40:34,391 INFO  [Log] ############################# START ########################### 
2017-06-04 22:40:34,403 INFO  [Log]  
2017-06-04 22:40:34,769 INFO  [Log] Test Case  'blankPasswordLogin' is Started 
2017-06-04 22:40:34,781 INFO  [Log] ############################# START ########################### 
2017-06-04 22:40:34,799 INFO  [Log]  
2017-06-04 22:40:35,541 INFO  [Log] Type 'admin1234' in  text box Password on Login Page. 
2017-06-04 22:40:36,419 INFO  [Log] Type 'ketan_pardeshiarun@yahoo.com' in  text box Username on Login Page. 
2017-06-04 22:40:37,053 INFO  [Log] Type 'ketan_pardesh@yahoo.com' in  text box Username on Login Page. 
2017-06-04 22:40:37,580 INFO  [Log] Clicked on Sign in Button On Login Page. 
2017-06-04 22:40:40,787 ERROR [Log] Element not found on Web Page 
2017-06-04 22:40:40,794 ERROR [Log] Error message on login page. Web Control is not visible. 
2017-06-04 22:40:40,899 INFO  [Log] Test Case 'blankEmailIDLogin' is Failed 
2017-06-04 22:40:40,906 INFO  [Log] ############################# END ########################### 
2017-06-04 22:40:40,914 INFO  [Log]  
2017-06-04 22:40:40,919 ERROR [Log] Sign in Button On Login Page. Control is not visible to click 
2017-06-04 22:40:40,933 INFO  [Log] Test Case 'blankPasswordLogin' is Failed 
2017-06-04 22:40:40,939 INFO  [Log] ############################# END ########################### 
2017-06-04 22:40:40,946 INFO  [Log]  
2017-06-04 22:40:42,842 INFO  [Log] Opening Chrome browser 
2017-06-04 22:40:42,961 INFO  [Log] Test Case 'invalidLoginCredentials' is Failed 
2017-06-04 22:40:42,971 INFO  [Log] ############################# END ########################### 
2017-06-04 22:40:42,998 INFO  [Log]  
2017-06-04 22:40:43,026 INFO  [Log] Opening Chrome browser 
2017-06-04 22:42:12,293 INFO  [Log] Started running Test suite : Test 
2017-06-04 22:42:12,378 INFO  [Log] Opening Chrome browser 
2017-06-04 22:42:12,379 INFO  [Log] Opening Chrome browser 
2017-06-04 22:42:12,386 INFO  [Log] Opening Chrome browser 
2017-06-04 22:42:12,398 INFO  [Log] Opening Chrome browser 
2017-06-04 22:42:12,396 INFO  [Log] Opening Chrome browser 
2017-06-04 22:42:36,166 INFO  [Log] Type URL https://login.naukri.com/nLogin/Login.php? 
2017-06-04 22:42:36,534 INFO  [Log] Type URL https://login.naukri.com/nLogin/Login.php? 
2017-06-04 22:42:37,694 INFO  [Log] Test Case  'blankPasswordLogin' is Started 
2017-06-04 22:42:37,698 INFO  [Log] Test Case  'Login' is Started 
2017-06-04 22:42:37,722 INFO  [Log] ############################# START ########################### 
2017-06-04 22:42:37,731 INFO  [Log]  
2017-06-04 22:42:37,755 INFO  [Log] ############################# START ########################### 
2017-06-04 22:42:37,771 INFO  [Log]  
2017-06-04 22:42:38,769 INFO  [Log] Type 'ketan_pardeshiarun@yahoo.com' in  text box Username on Login Page. 
2017-06-04 22:42:39,165 INFO  [Log] Type URL https://login.naukri.com/nLogin/Login.php? 
2017-06-04 22:42:39,382 INFO  [Log] Clicked on Sign in Button On Login Page. 
2017-06-04 22:42:39,491 INFO  [Log] Type URL https://login.naukri.com/nLogin/Login.php? 
2017-06-04 22:42:39,646 INFO  [Log] Type 'ketan_pardeshiarun@yahoo.com' in  text box Username on Login Page. 
2017-06-04 22:42:39,659 INFO  [Log] Test Case  'validLogin' is Started 
2017-06-04 22:42:39,681 INFO  [Log] ############################# START ########################### 
2017-06-04 22:42:39,686 INFO  [Log]  
2017-06-04 22:42:40,274 INFO  [Log] Test Case  'invalidLoginCredentials' is Started 
2017-06-04 22:42:40,281 INFO  [Log] ############################# START ########################### 
2017-06-04 22:42:40,288 INFO  [Log]  
2017-06-04 22:42:40,487 INFO  [Log] Read text from Password error on login page.Text= Please enter your Password 
2017-06-04 22:42:40,495 INFO  [Log] Assertion Pass. Expected: Please enter your Password Actual: Please enter your Password 
2017-06-04 22:42:40,505 INFO  [Log] Test Case  'blankPasswordLogin' is Passed 
2017-06-04 22:42:40,518 INFO  [Log] ############################# END ########################### 
2017-06-04 22:42:40,524 INFO  [Log]  
2017-06-04 22:42:40,669 INFO  [Log] Clicked on Sign in Button On Login Page. 
2017-06-04 22:42:41,084 INFO  [Log] Type 'ketan_pardeshiarun@yahoo.com' in  text box Username on Login Page. 
2017-06-04 22:42:41,223 INFO  [Log] Type URL https://login.naukri.com/nLogin/Login.php? 
2017-06-04 22:42:41,393 ERROR [Log] Element not found on Web Page 
2017-06-04 22:42:41,398 INFO  [Log] Password error on login page. Web Control is not visible. 
2017-06-04 22:42:41,407 INFO  [Log] Test Case 'Login' is Failed 
2017-06-04 22:42:41,466 ERROR [Log] Element not found on Web Page 
2017-06-04 22:42:41,474 INFO  [Log] Sign in Button On Login Page. Web Control is not visible. 
2017-06-04 22:42:41,492 INFO  [Log] ############################# END ########################### 
2017-06-04 22:42:41,497 INFO  [Log]  
2017-06-04 22:42:41,511 ERROR [Log] Login Page is not displayed 
2017-06-04 22:42:41,509 ERROR [Log] Element not found on Web Page 
2017-06-04 22:42:41,505 INFO  [Log] Test Case  'blankEmailIDLogin' is Started 
2017-06-04 22:42:41,524 INFO  [Log] ############################# START ########################### 
2017-06-04 22:42:41,527 ERROR [Log] Password on Login Page. Web Control is null. 
2017-06-04 22:42:41,530 INFO  [Log]  
2017-06-04 22:42:41,544 INFO  [Log] Test Case 'blankEmailIDLogin' is 3 
2017-06-04 22:42:43,513 INFO  [Log] Opening Chrome browser 
2017-06-04 22:42:43,567 ERROR [Log] Element not found on Web Page 
2017-06-04 22:42:43,577 INFO  [Log] Test Case 'invalidLoginCredentials' is Failed 
2017-06-04 22:42:43,579 INFO  [Log] Test Case 'validLogin' is Failed 
2017-06-04 22:42:43,602 INFO  [Log] ############################# END ########################### 
2017-06-04 22:42:43,609 INFO  [Log] ############################# END ########################### 
2017-06-04 22:42:43,611 INFO  [Log]  
2017-06-04 22:42:43,617 INFO  [Log]  
2017-06-04 22:42:52,215 INFO  [Log] Type URL https://login.naukri.com/nLogin/Login.php? 
2017-06-04 22:42:53,755 INFO  [Log] Test Case  'Login' is Started 
2017-06-04 22:42:53,761 INFO  [Log] ############################# START ########################### 
2017-06-04 22:42:53,767 INFO  [Log]  
2017-06-04 22:42:53,778 INFO  [Log] Test Case 'Login' is 3 
2017-06-04 22:42:54,629 INFO  [Log] Opening Chrome browser 
2017-06-04 22:43:04,255 INFO  [Log] Type URL https://login.naukri.com/nLogin/Login.php? 
2017-06-04 22:43:05,790 INFO  [Log] Test Case  'Login' is Started 
2017-06-04 22:43:05,801 INFO  [Log] ############################# START ########################### 
2017-06-04 22:43:05,812 INFO  [Log]  
2017-06-04 22:43:05,828 INFO  [Log] Test Case 'Login' is 3 
2017-06-04 22:43:06,906 INFO  [Log] Opening Chrome browser 
2017-06-04 22:43:18,636 INFO  [Log] Type URL https://login.naukri.com/nLogin/Login.php? 
2017-06-04 22:43:20,210 INFO  [Log] Test Case  'Login' is Started 
2017-06-04 22:43:20,219 INFO  [Log] ############################# START ########################### 
2017-06-04 22:43:20,226 INFO  [Log]  
2017-06-04 22:43:20,252 INFO  [Log] Test Case 'Login' is 3 
2017-06-04 22:43:21,462 INFO  [Log] Test suite execution is completed. 
2017-06-04 22:43:21,488 INFO  [Log] ############################# Finish ########################### 
2017-06-04 22:43:21,497 INFO  [Log]  
2017-06-04 23:09:45,749 INFO  [Log] Started running Test suite : Test 
2017-06-04 23:09:45,809 INFO  [Log] Opening Chrome browser 
2017-06-04 23:09:45,826 INFO  [Log] Opening Chrome browser 
2017-06-04 23:09:45,836 INFO  [Log] Opening Chrome browser 
2017-06-04 23:09:59,396 INFO  [Log] Type URL https://login.naukri.com/nLogin/Login.php? 
2017-06-04 23:09:59,723 INFO  [Log] Type URL https://login.naukri.com/nLogin/Login.php? 
2017-06-04 23:10:01,493 INFO  [Log] Test Case  'invalidLoginCredentials' is Started 
2017-06-04 23:10:01,703 INFO  [Log] Test Case  'blankPasswordLogin' is Started 
2017-06-04 23:10:01,722 INFO  [Log] ############################# START ########################### 
2017-06-04 23:10:01,771 INFO  [Log]  
2017-06-04 23:10:01,787 INFO  [Log] ############################# START ########################### 
2017-06-04 23:10:01,822 INFO  [Log]  
2017-06-04 23:10:01,879 INFO  [Log] Type URL https://login.naukri.com/nLogin/Login.php? 
2017-06-04 23:10:02,270 INFO  [Log] Test Case  'blankEmailIDLogin' is Started 
2017-06-04 23:10:02,280 INFO  [Log] ############################# START ########################### 
2017-06-04 23:10:02,295 INFO  [Log]  
2017-06-04 23:10:03,262 INFO  [Log] Type 'ketan_pardeshiarun@yahoo.com' in  text box Username on Login Page. 
2017-06-04 23:10:03,898 INFO  [Log] Type 'ketan_pardesh@yahoo.com' in  text box Username on Login Page. 
2017-06-04 23:10:04,685 INFO  [Log] Clicked on Sign in Button On Login Page. 
2017-06-04 23:10:04,877 INFO  [Log] Type 'kdsfhkajakdja' in  text box Password on Login Page. 
2017-06-04 23:10:05,188 INFO  [Log] Type 'admin1234' in  text box Password on Login Page. 
2017-06-04 23:10:05,836 INFO  [Log] Read text from Password error on login page.Text= Please enter your Password 
2017-06-04 23:10:05,845 INFO  [Log] Assertion Pass. Expected: Please enter your Password Actual: Please enter your Password 
2017-06-04 23:10:05,860 INFO  [Log] Test Case  'blankPasswordLogin' is Passed 
2017-06-04 23:10:05,867 INFO  [Log] ############################# END ########################### 
2017-06-04 23:10:05,875 INFO  [Log]  
2017-06-04 23:10:05,954 INFO  [Log] Clicked on Sign in Button On Login Page. 
2017-06-04 23:10:06,065 ERROR [Log] Sign in Button On Login Page. Control is not visible to click 
2017-06-04 23:10:06,082 INFO  [Log] Test Case 'invalidLoginCredentials' is Failed 
2017-06-04 23:10:06,095 INFO  [Log] Test Case 'blankEmailIDLogin' is Failed 
2017-06-04 23:10:06,102 INFO  [Log] ############################# END ########################### 
2017-06-04 23:10:06,107 INFO  [Log]  
2017-06-04 23:10:06,119 INFO  [Log] ############################# END ########################### 
2017-06-04 23:10:06,126 INFO  [Log]  
2017-06-04 23:10:06,152 INFO  [RetryExec] I/O exception (org.apache.http.NoHttpResponseException) caught when processing request to {}->http://localhost:26588: The target server failed to respond 
2017-06-04 23:10:06,153 INFO  [RetryExec] Retrying request to {}->http://localhost:26588 
2017-06-04 23:10:06,155 INFO  [RetryExec] I/O exception (org.apache.http.NoHttpResponseException) caught when processing request to {}->http://localhost:26588: The target server failed to respond 
2017-06-04 23:10:06,156 INFO  [RetryExec] Retrying request to {}->http://localhost:26588 
2017-06-04 23:10:06,166 INFO  [RetryExec] I/O exception (java.net.SocketException) caught when processing request to {}->http://localhost:26588: Connection reset 
2017-06-04 23:10:06,166 INFO  [RetryExec] Retrying request to {}->http://localhost:26588 
2017-06-04 23:10:07,552 INFO  [Log] Opening Chrome browser 
2017-06-04 23:10:08,212 INFO  [Log] Opening Chrome browser 
2017-06-04 23:10:11,397 INFO  [Log] Type URL https://login.naukri.com/nLogin/Login.php? 
2017-06-04 23:10:13,502 INFO  [Log] Test Case  'Login' is Started 
2017-06-04 23:10:13,513 INFO  [Log] ############################# START ########################### 
2017-06-04 23:10:13,523 INFO  [Log]  
2017-06-04 23:10:13,539 INFO  [Log] Test Case 'Login' is 3 
2017-06-04 23:10:14,693 INFO  [Log] Opening Chrome browser 
2017-06-04 23:10:17,400 INFO  [Log] Type URL https://login.naukri.com/nLogin/Login.php? 
2017-06-04 23:10:17,417 INFO  [Log] Test Case  'validLogin' is Started 
2017-06-04 23:10:17,428 INFO  [Log] ############################# START ########################### 
2017-06-04 23:10:17,435 INFO  [Log]  
2017-06-04 23:10:17,445 INFO  [Log] Test Case 'validLogin' is 3 
2017-06-04 23:10:19,083 INFO  [Log] Type URL https://login.naukri.com/nLogin/Login.php? 
2017-06-04 23:17:58,061 INFO  [Log] Started running Test suite : Test 
2017-06-04 23:17:58,116 INFO  [Log] Opening Chrome browser 
2017-06-04 23:17:58,122 INFO  [Log] Opening Chrome browser 
2017-06-04 23:17:58,124 INFO  [Log] Opening Chrome browser 
2017-06-04 23:18:14,436 INFO  [Log] Type URL https://login.naukri.com/nLogin/Login.php? 
2017-06-04 23:18:14,918 INFO  [Log] Type URL https://login.naukri.com/nLogin/Login.php? 
2017-06-04 23:18:16,161 INFO  [Log] Type URL https://login.naukri.com/nLogin/Login.php? 
2017-06-04 23:18:16,272 INFO  [Log] Test Case  'blankEmailIDLogin' is Started 
2017-06-04 23:18:16,440 INFO  [Log] Test Case  'blankPasswordLogin' is Started 
2017-06-04 23:18:16,464 INFO  [Log] Test Case  'invalidLoginCredentials' is Started 
2017-06-04 23:18:16,481 INFO  [Log] ############################# START ########################### 
2017-06-04 23:18:16,492 INFO  [Log] ############################# START ########################### 
2017-06-04 23:18:16,504 INFO  [Log]  
2017-06-04 23:18:16,503 INFO  [Log] ############################# START ########################### 
2017-06-04 23:18:16,506 INFO  [Log]  
2017-06-04 23:18:16,527 INFO  [Log] Test Case 'invalidLoginCredentials' is 3 
2017-06-04 23:18:16,539 INFO  [Log]  
2017-06-04 23:18:16,555 INFO  [Log] Test Case 'blankPasswordLogin' is 3 
2017-06-04 23:18:16,571 INFO  [Log] Opening Chrome browser 
2017-06-04 23:18:16,583 INFO  [Log] Test Case 'blankEmailIDLogin' is 3 
2017-06-04 23:18:16,607 INFO  [Log] Opening Chrome browser 
2017-06-04 23:18:26,586 INFO  [Log] Type URL https://login.naukri.com/nLogin/Login.php? 
2017-06-04 23:18:28,435 INFO  [Log] Test Case  'validLogin' is Started 
2017-06-04 23:18:28,516 INFO  [Log] ############################# START ########################### 
2017-06-04 23:18:28,536 INFO  [Log]  
2017-06-04 23:18:28,550 INFO  [Log] Test Case 'validLogin' is 3 
2017-06-04 23:18:29,064 INFO  [Log] Type URL https://login.naukri.com/nLogin/Login.php? 
2017-06-04 23:18:30,634 INFO  [Log] Test Case  'Login' is Started 
2017-06-04 23:18:30,642 INFO  [Log] ############################# START ########################### 
2017-06-04 23:18:30,650 INFO  [Log]  
2017-06-04 23:18:30,662 INFO  [Log] Test Case 'Login' is 3 
2017-06-04 23:18:30,677 INFO  [Log] Opening Chrome browser 
2017-06-04 23:18:41,048 INFO  [Log] Type URL https://login.naukri.com/nLogin/Login.php? 
2017-06-04 23:18:42,699 INFO  [Log] Test Case  'Login' is Started 
2017-06-04 23:18:42,706 INFO  [Log] ############################# START ########################### 
2017-06-04 23:18:42,713 INFO  [Log]  
2017-06-04 23:18:42,723 INFO  [Log] Test Case 'Login' is 3 
2017-06-04 23:18:42,736 INFO  [Log] Opening Chrome browser 
2017-06-04 23:18:52,493 INFO  [Log] Type URL https://login.naukri.com/nLogin/Login.php? 
2017-06-04 23:18:54,118 INFO  [Log] Test Case  'Login' is Started 
2017-06-04 23:18:54,123 INFO  [Log] ############################# START ########################### 
2017-06-04 23:18:54,131 INFO  [Log]  
2017-06-04 23:18:54,137 INFO  [Log] Test Case 'Login' is 3 
2017-06-04 23:18:54,149 INFO  [Log] Opening Chrome browser 
2017-06-04 23:19:08,776 INFO  [Log] Type URL https://login.naukri.com/nLogin/Login.php? 
2017-06-04 23:19:10,553 INFO  [Log] Test Case  'Login' is Started 
2017-06-04 23:19:10,562 INFO  [Log] ############################# START ########################### 
2017-06-04 23:19:10,572 INFO  [Log]  
2017-06-04 23:19:10,590 INFO  [Log] Test Case 'Login' is 3 
2017-06-04 23:19:10,851 INFO  [Log] Test suite execution is completed. 
2017-06-04 23:19:10,865 INFO  [Log] ############################# Finish ########################### 
2017-06-04 23:19:10,917 INFO  [Log]  
2017-06-04 23:20:51,680 INFO  [Log] Started running Test suite : Test 
2017-06-04 23:20:51,715 INFO  [Log] Opening Chrome browser 
2017-06-04 23:21:00,907 INFO  [Log] Type URL https://login.naukri.com/nLogin/Login.php? 
2017-06-04 23:21:02,478 INFO  [Log] Test Case  'blankEmailIDLogin' is Started 
2017-06-04 23:21:02,512 INFO  [Log] ############################# START ########################### 
2017-06-04 23:21:02,529 INFO  [Log]  
2017-06-04 23:21:02,716 ERROR [Log] Element not found on Web Page 
2017-06-04 23:21:02,730 INFO  [Log] Sign in Button On Login Page. Web Control is not visible. 
2017-06-04 23:21:02,746 ERROR [Log] Login Page is not displayed 
2017-06-04 23:21:03,240 ERROR [Log] Element not found on Web Page 
2017-06-04 23:21:03,277 ERROR [Log] Error message on login page. Web Control is not visible. 
2017-06-04 23:21:03,317 INFO  [Log] Test Case 'blankEmailIDLogin' is Failed 
2017-06-04 23:21:03,381 INFO  [Log] ############################# END ########################### 
2017-06-04 23:21:03,403 INFO  [Log]  
2017-06-04 23:21:04,765 INFO  [Log] Opening Chrome browser 
2017-06-04 23:21:13,356 INFO  [Log] Type URL https://login.naukri.com/nLogin/Login.php? 
2017-06-04 23:21:14,815 INFO  [Log] Test Case  'blankPasswordLogin' is Started 
2017-06-04 23:21:14,820 INFO  [Log] ############################# START ########################### 
2017-06-04 23:21:14,825 INFO  [Log]  
2017-06-04 23:21:14,831 ERROR [Log] Element not found on Web Page 
2017-06-04 23:21:14,836 INFO  [Log] Sign in Button On Login Page. Web Control is not visible. 
2017-06-04 23:21:14,841 ERROR [Log] Login Page is not displayed 
2017-06-04 23:21:15,103 ERROR [Log] Element not found on Web Page 
2017-06-04 23:21:15,108 ERROR [Log] Password error on login page. Web Control is not visible. 
2017-06-04 23:21:15,117 INFO  [Log] Test Case 'blankPasswordLogin' is Failed 
2017-06-04 23:21:15,125 INFO  [Log] ############################# END ########################### 
2017-06-04 23:21:15,130 INFO  [Log]  
2017-06-04 23:21:16,146 INFO  [Log] Opening Chrome browser 
2017-06-04 23:21:25,648 INFO  [Log] Type URL https://login.naukri.com/nLogin/Login.php? 
2017-06-04 23:21:27,214 INFO  [Log] Test Case  'invalidLoginCredentials' is Started 
2017-06-04 23:21:27,220 INFO  [Log] ############################# START ########################### 
2017-06-04 23:21:27,233 INFO  [Log]  
2017-06-04 23:21:27,240 ERROR [Log] Element not found on Web Page 
2017-06-04 23:21:27,247 INFO  [Log] Sign in Button On Login Page. Web Control is not visible. 
2017-06-04 23:21:27,254 ERROR [Log] Login Page is not displayed 
2017-06-04 23:21:27,439 ERROR [Log] Element not found on Web Page 
2017-06-04 23:21:27,455 ERROR [Log] Error for invalid username and password. Web Control is not visible. 
2017-06-04 23:21:27,467 INFO  [Log] Test Case 'invalidLoginCredentials' is Failed 
2017-06-04 23:21:27,475 INFO  [Log] ############################# END ########################### 
2017-06-04 23:21:27,482 INFO  [Log]  
2017-06-04 23:21:28,555 INFO  [Log] Opening Chrome browser 
2017-06-04 23:21:33,720 INFO  [Log] Type URL https://login.naukri.com/nLogin/Login.php? 
2017-06-04 23:21:35,831 INFO  [Log] Test Case  'validLogin' is Started 
2017-06-04 23:21:35,844 INFO  [Log] ############################# START ########################### 
2017-06-04 23:21:35,854 INFO  [Log]  
2017-06-04 23:21:35,875 INFO  [Log] Test Case 'validLogin' is 3 
2017-06-04 23:21:36,040 INFO  [Log] Test suite execution is completed. 
2017-06-04 23:21:36,058 INFO  [Log] ############################# Finish ########################### 
2017-06-04 23:21:36,068 INFO  [Log]  
2017-06-04 23:23:35,267 INFO  [Log] Started running Test suite : Test 
2017-06-04 23:23:46,489 INFO  [Log] Opening Chrome browser 
2017-06-04 23:24:10,395 INFO  [Log] Type URL https://login.naukri.com/nLogin/Login.php? 
2017-06-04 23:24:32,175 INFO  [Log] Test Case  'blankEmailIDLogin' is Started 
2017-06-04 23:24:32,329 INFO  [Log] ############################# START ########################### 
2017-06-04 23:24:32,427 INFO  [Log]  
2017-06-04 23:31:57,574 ERROR [Log] Element not found on Web Page 
